Removed Pin From Net: NetName=INTVCC Pin=C5-1
Removed Pin From Net: NetName=NetC5_2 Pin=C5-2
Removed Pin From Net: NetName=NetC4_1 Pin=D1-2
Removed Pin From Net: NetName=NetC5_2 Pin=D2-2
Removed Pin From Net: NetName=GND Pin=P1-1
Removed Pin From Net: NetName=CS_P Pin=P1-2
Removed Pin From Net: NetName=LP- Pin=P2-1
Removed Pin From Net: NetName=PWM Pin=P2-2
Removed Pin From Net: NetName=TEC Pin=P2-3
Removed Pin From Net: NetName=SWCLK Pin=P2-4
Removed Pin From Net: NetName=SWDIO Pin=P2-5
Removed Pin From Net: NetName=485_N Pin=P2-6
Removed Pin From Net: NetName=485_P Pin=P2-7
Removed Pin From Net: NetName=3V3 Pin=P2-8
Removed Pin From Net: NetName=NetR32_1 Pin=U2-11
Removed Pin From Net: NetName=NetR33_1 Pin=U2-12
Removed Pin From Net: NetName=NetR34_1 Pin=U2-13
Removed Member From Class: ClassName=3796 Member=D1
Removed Member From Class: ClassName=3796 Member=D2
Change Component Comment : Designator=R28 Old Comment=0 New Comment=1K
Change Component Comment : Designator=R32 Old Comment=0 New Comment=1K
Change Component Comment : Designator=R33 Old Comment=0 New Comment=1K
Change Component Comment : Designator=R30 Old Comment=0 New Comment=20K
Change Component Comment : Designator=R34 Old Comment=0 New Comment=50
Change Component Comment : Designator=R24 Old Comment=3.3K New Comment=3K3
Change Component Comment : Designator=R25 Old Comment=3.3K New Comment=3K3
Change Component Comment : Designator=R29 Old Comment=3.3K New Comment=3K3
Change Component Comment : Designator=R36 Old Comment=3.3K New Comment=3K3
Change Component Comment : Designator=R38 Old Comment=3.3K New Comment=3K3
Change Component Comment : Designator=R42 Old Comment=3.3K New Comment=3K3
Change Component Comment : Designator=R43 Old Comment=3.3K New Comment=3K3
Change Component Comment : Designator=R5 Old Comment=6K New Comment=NoPop
Change Component Comment : Designator=R1 Old Comment=10K New Comment=100K
Change Component Comment : Designator=R2 Old Comment=10K New Comment=100K
Change Component Comment : Designator=R9 Old Comment=20K New Comment=NoPop
Change Component Comment : Designator=C15 Old Comment=22uF/50V New Comment=47uF/50V
Change Component Comment : Designator=C18 Old Comment=22uF/50V New Comment=100uF/50V
Change Component Comment : Designator=C19 Old Comment=22uF/50V New Comment=100uF/50V
Change Component Comment : Designator=C36 Old Comment=22uF/50V New Comment=100uF/50V
Change Component Comment : Designator=C14 Old Comment=100pF/50V New Comment=NoPop
Change Component Comment : Designator=C1 Old Comment=100uF/50V New Comment=NoPop
Change Component Comment : Designator=C20 Old Comment=100uF/50V New Comment=NoPop
Change Component Comment : Designator=R6 Old Comment=500K New Comment=100K
Change Component Comment : Designator=R7 Old Comment=500K New Comment=100K
Change Component Comment : Designator=R11 Old Comment=500K New Comment=100K
Change Component Comment : Designator=R12 Old Comment=500K New Comment=100K
Change Component Comment : Designator=D6 Old Comment=LED_Red New Comment=LED
Added Pin To Net: NetName=NetC5_2 Pin=C5-1
Added Pin To Net: NetName=INTVCC Pin=C5-2
Added Pin To Net: NetName=CS_P Pin=P1-1
Added Pin To Net: NetName=GND Pin=P1-2
Added Pin To Net: NetName=3V3 Pin=P2-1
Added Pin To Net: NetName=485_P Pin=P2-2
Added Pin To Net: NetName=485_N Pin=P2-3
Added Pin To Net: NetName=SWDIO Pin=P2-4
Added Pin To Net: NetName=SWCLK Pin=P2-5
Added Pin To Net: NetName=PWM Pin=P2-7
Added Pin To Net: NetName=LP- Pin=P2-8
Added Pin To Net: NetName=NetC4_1 Pin=R1-2
Added Pin To Net: NetName=NetC5_2 Pin=R2-2
Added Pin To Net: NetName=CTRL Pin=U2-11
Added Pin To Net: NetName=NetR32_1 Pin=U2-12
Added Pin To Net: NetName=NetR33_1 Pin=U2-13
Added Pin To Net: NetName=NetR34_1 Pin=U2-18
Change Net Name : Old Net Name=NetC5_2 New Net Name=NetC5_1
