Removed Pin From Net: NetName=NTC2- Pin=P4-1
Removed Pin From Net: NetName=NetD5_2 Pin=P4-2
Removed Pin From Net: NetName=NTC2- Pin=P5-1
Removed Pin From Net: NetName=NTC2- Pin=P5-2
Removed Pin From Net: NetName=LD+ Pin=P5-3
Removed Pin From Net: NetName=LD+ Pin=P5-4
Removed Pin From Net: NetName=NTC2- Pin=P5-5
Removed Pin From Net: NetName=NTC2+ Pin=P5-6
Removed Pin From Net: NetName=NTC1- Pin=P5-7
Removed Pin From Net: NetName=NTC1+ Pin=P5-8
Added Component: Designator=P4(2PIN-B2P_VH)
Added Component: Designator=P5(8P-TJC3B8AD)
Added Pin To Net: NetName=NTC2- Pin=P4-1
Added Pin To Net: NetName=NetD5_2 Pin=P4-2
Added Pin To Net: NetName=NTC2- Pin=P5-1
Added Pin To Net: NetName=NTC2- Pin=P5-2
Added Pin To Net: NetName=LD+ Pin=P5-3
Added Pin To Net: NetName=LD+ Pin=P5-4
Added Pin To Net: NetName=NTC2- Pin=P5-5
Added Pin To Net: NetName=NTC2+ Pin=P5-6
Added Pin To Net: NetName=NTC1- Pin=P5-7
Added Pin To Net: NetName=NTC1+ Pin=P5-8
Added Member To Class: ClassName=PWR Member=Component C30 Ceramic Cap
