Added Component: Designator=C1(1206[3216] - NP)
Added Component: Designator=C2(1206[3216] - NP)
Added Component: Designator=C3(1206[3216] - NP)
Added Component: Designator=C4(1206[3216] - NP)
Added Component: Designator=C5(1206[3216] - NP)
Added Component: Designator=C6(SMC_Altium Capacity 8*10)
Added Component: Designator=C7(1206[3216] - NP)
Added Component: Designator=C8(SMC_Altium Capacity 8*10)
Added Component: Designator=C9(1206[3216] - NP)
Added Component: Designator=C10(1608[0603])
Added Component: Designator=C11(1608[0603])
Added Component: Designator=C12(1608[0603])
Added Component: Designator=C13(1608[0603])
Added Component: Designator=C14(1608[0603])
Added Component: Designator=C15(1206[3216] - NP)
Added Component: Designator=C16(1206[3216] - NP)
Added Component: Designator=C17(1608[0603])
Added Component: Designator=C18(1608[0603])
Added Component: Designator=C19(1608[0603])
Added Component: Designator=C20(1608[0603])
Added Component: Designator=C21(1608[0603])
Added Component: Designator=C22(1608[0603])
Added Component: Designator=C23(1608[0603])
Added Component: Designator=C24(1608[0603])
Added Component: Designator=C25(1608[0603])
Added Component: Designator=C26(1608[0603])
Added Component: Designator=C27(1608[0603])
Added Component: Designator=C28(1608[0603])
Added Component: Designator=C29(1608[0603])
Added Component: Designator=D1(PowerDI5)
Added Component: Designator=D2(2012[0805] - LED)
Added Component: Designator=D3(2012[0805] - LED)
Added Component: Designator=D4(MIL-STD-202)
Added Component: Designator=D5(2012[0805] - LED)
Added Component: Designator=L1(IHLP5050CE)
Added Component: Designator=P1(4P)
Added Component: Designator=P2(2PIN-B2P_VH)
Added Component: Designator=P3(2PIN_B02B-PASK)
Added Component: Designator=P4(HDR1X6)
Added Component: Designator=Q2(SOT95P280X115-3N)
Added Component: Designator=Q3(1212-8 Single)
Added Component: Designator=R1(2512[6432])
Added Component: Designator=R2(1608[0603])
Added Component: Designator=R3(1608[0603])
Added Component: Designator=R4(1608[0603])
Added Component: Designator=R5(1608[0603])
Added Component: Designator=R6(1608[0603])
Added Component: Designator=R7(1608[0603])
Added Component: Designator=R8(1608[0603])
Added Component: Designator=R9(RES-adj)
Added Component: Designator=R10(2512[6432])
Added Component: Designator=R11(1608[0603])
Added Component: Designator=R12(2512[6432])
Added Component: Designator=R13(1608[0603])
Added Component: Designator=R14(2512[6432])
Added Component: Designator=R15(1608[0603])
Added Component: Designator=R16(1608[0603])
Added Component: Designator=R17(1608[0603])
Added Component: Designator=R18(1608[0603])
Added Component: Designator=R19(1608[0603])
Added Component: Designator=R20(1608[0603])
Added Component: Designator=R21(1608[0603])
Added Component: Designator=R22(1608[0603])
Added Component: Designator=R23(1608[0603])
Added Component: Designator=R24(2012[0805])
Added Component: Designator=R25(1608[0603])
Added Component: Designator=U1(TSOP65P640X120_HS-29N)
Added Component: Designator=U2(SOT95P280X145-6N)
Added Component: Designator=U3(TQFP80P900X900X160-32N)
Added Component: Designator=U4(TSOP65P490X110-8N)
Added Component: Designator=U5(SOT230P700X180-4N)
Added Component: Designator=U6(SOT89-150P410X160-3N)
Added Pin To Net: NetName=3V3 Pin=C20-2
Added Pin To Net: NetName=3V3 Pin=C22-2
Added Pin To Net: NetName=3V3 Pin=C23-1
Added Pin To Net: NetName=3V3 Pin=C24-2
Added Pin To Net: NetName=3V3 Pin=C27-2
Added Pin To Net: NetName=3V3 Pin=P1-4
Added Pin To Net: NetName=3V3 Pin=R21-2
Added Pin To Net: NetName=3V3 Pin=U3-1
Added Pin To Net: NetName=3V3 Pin=U3-5
Added Pin To Net: NetName=3V3 Pin=U3-17
Added Pin To Net: NetName=3V3 Pin=U4-8
Added Pin To Net: NetName=3V3 Pin=U5-2
Added Net: Name=3V3
Added Pin To Net: NetName=5V Pin=C26-2
Added Pin To Net: NetName=5V Pin=C29-2
Added Pin To Net: NetName=5V Pin=U5-3
Added Pin To Net: NetName=5V Pin=U6-1
Added Net: Name=5V
Added Pin To Net: NetName=12V_IN Pin=C17-1
Added Pin To Net: NetName=12V_IN Pin=U2-5
Added Net: Name=12V_IN
Added Pin To Net: NetName=485A Pin=P3-1
Added Pin To Net: NetName=485A Pin=R22-1
Added Pin To Net: NetName=485A Pin=R23-2
Added Pin To Net: NetName=485A Pin=U4-6
Added Net: Name=485A
Added Pin To Net: NetName=485B Pin=P3-2
Added Pin To Net: NetName=485B Pin=R21-1
Added Pin To Net: NetName=485B Pin=R22-2
Added Pin To Net: NetName=485B Pin=U4-7
Added Net: Name=485B
Added Pin To Net: NetName=485DIR Pin=U3-21
Added Pin To Net: NetName=485DIR Pin=U4-2
Added Pin To Net: NetName=485DIR Pin=U4-3
Added Net: Name=485DIR
Added Pin To Net: NetName=CSOUT Pin=C10-2
Added Pin To Net: NetName=CSOUT Pin=R11-2
Added Pin To Net: NetName=CSOUT Pin=U1-6
Added Pin To Net: NetName=CSOUT Pin=U1-28
Added Net: Name=CSOUT
Added Pin To Net: NetName=CTRL Pin=R7-2
Added Pin To Net: NetName=CTRL Pin=R9-2
Added Pin To Net: NetName=CTRL Pin=U1-9
Added Pin To Net: NetName=CTRL Pin=U3-10
Added Net: Name=CTRL
Added Pin To Net: NetName=DGND Pin=C20-1
Added Pin To Net: NetName=DGND Pin=C21-1
Added Pin To Net: NetName=DGND Pin=C22-1
Added Pin To Net: NetName=DGND Pin=C24-1
Added Pin To Net: NetName=DGND Pin=C26-1
Added Pin To Net: NetName=DGND Pin=C27-1
Added Pin To Net: NetName=DGND Pin=C28-1
Added Pin To Net: NetName=DGND Pin=C29-1
Added Pin To Net: NetName=DGND Pin=P1-1
Added Pin To Net: NetName=DGND Pin=R24-1
Added Pin To Net: NetName=DGND Pin=U3-16
Added Pin To Net: NetName=DGND Pin=U3-32
Added Pin To Net: NetName=DGND Pin=U5-1
Added Pin To Net: NetName=DGND Pin=U6-2
Added Net: Name=DGND
Added Pin To Net: NetName=EN/UVLO Pin=R4-1
Added Pin To Net: NetName=EN/UVLO Pin=R6-1
Added Pin To Net: NetName=EN/UVLO Pin=U1-24
Added Pin To Net: NetName=EN/UVLO Pin=U3-15
Added Net: Name=EN/UVLO
Added Pin To Net: NetName=F\A\U\L\T\ Pin=C12-1
Added Pin To Net: NetName=F\A\U\L\T\ Pin=D2-2
Added Pin To Net: NetName=F\A\U\L\T\ Pin=R18-2
Added Pin To Net: NetName=F\A\U\L\T\ Pin=U1-15
Added Pin To Net: NetName=F\A\U\L\T\ Pin=U3-14
Added Net: Name=F\A\U\L\T\
Added Pin To Net: NetName=GND Pin=C1-1
Added Pin To Net: NetName=GND Pin=C2-1
Added Pin To Net: NetName=GND Pin=C3-1
Added Pin To Net: NetName=GND Pin=C4-1
Added Pin To Net: NetName=GND Pin=C5-1
Added Pin To Net: NetName=GND Pin=C6-2
Added Pin To Net: NetName=GND Pin=C7-1
Added Pin To Net: NetName=GND Pin=C8-2
Added Pin To Net: NetName=GND Pin=C9-1
Added Pin To Net: NetName=GND Pin=C10-1
Added Pin To Net: NetName=GND Pin=C11-1
Added Pin To Net: NetName=GND Pin=C14-2
Added Pin To Net: NetName=GND Pin=C15-1
Added Pin To Net: NetName=GND Pin=C16-1
Added Pin To Net: NetName=GND Pin=C17-2
Added Pin To Net: NetName=GND Pin=C18-2
Added Pin To Net: NetName=GND Pin=C19-2
Added Pin To Net: NetName=GND Pin=C23-2
Added Pin To Net: NetName=GND Pin=C25-1
Added Pin To Net: NetName=GND Pin=D4-1
Added Pin To Net: NetName=GND Pin=P2-2
Added Pin To Net: NetName=GND Pin=P4-5
Added Pin To Net: NetName=GND Pin=R5-2
Added Pin To Net: NetName=GND Pin=R8-2
Added Pin To Net: NetName=GND Pin=R9-1
Added Pin To Net: NetName=GND Pin=R10-1
Added Pin To Net: NetName=GND Pin=R11-1
Added Pin To Net: NetName=GND Pin=R17-1
Added Pin To Net: NetName=GND Pin=R18-1
Added Pin To Net: NetName=GND Pin=R20-2
Added Pin To Net: NetName=GND Pin=R23-1
Added Pin To Net: NetName=GND Pin=R24-2
Added Pin To Net: NetName=GND Pin=R25-1
Added Pin To Net: NetName=GND Pin=U1-4
Added Pin To Net: NetName=GND Pin=U1-13
Added Pin To Net: NetName=GND Pin=U1-17
Added Pin To Net: NetName=GND Pin=U1-21
Added Pin To Net: NetName=GND Pin=U1-22
Added Pin To Net: NetName=GND Pin=U1-29
Added Pin To Net: NetName=GND Pin=U2-2
Added Pin To Net: NetName=GND Pin=U2-4
Added Pin To Net: NetName=GND Pin=U4-5
Added Net: Name=GND
Added Pin To Net: NetName=INTVCC Pin=C12-2
Added Pin To Net: NetName=INTVCC Pin=C13-1
Added Pin To Net: NetName=INTVCC Pin=C14-1
Added Pin To Net: NetName=INTVCC Pin=R15-1
Added Pin To Net: NetName=INTVCC Pin=R16-1
Added Pin To Net: NetName=INTVCC Pin=U1-20
Added Net: Name=INTVCC
Added Pin To Net: NetName=ISMON Pin=C11-2
Added Pin To Net: NetName=ISMON Pin=U1-5
Added Pin To Net: NetName=ISMON Pin=U3-11
Added Net: Name=ISMON
Added Pin To Net: NetName=LD+ Pin=P4-6
Added Net: Name=LD+
Added Pin To Net: NetName=NetC1_2 Pin=C1-2
Added Pin To Net: NetName=NetC1_2 Pin=C2-2
Added Pin To Net: NetName=NetC1_2 Pin=C3-2
Added Pin To Net: NetName=NetC1_2 Pin=C4-2
Added Pin To Net: NetName=NetC1_2 Pin=C6-1
Added Pin To Net: NetName=NetC1_2 Pin=D1-2
Added Pin To Net: NetName=NetC1_2 Pin=Q2-1
Added Pin To Net: NetName=NetC1_2 Pin=R3-2
Added Pin To Net: NetName=NetC1_2 Pin=R12-2
Added Pin To Net: NetName=NetC1_2 Pin=U1-1
Added Net: Name=NetC1_2
Added Pin To Net: NetName=NetC18_1 Pin=C18-1
Added Pin To Net: NetName=NetC18_1 Pin=U1-11
Added Net: Name=NetC18_1
Added Pin To Net: NetName=NetC19_1 Pin=C19-1
Added Pin To Net: NetName=NetC19_1 Pin=R19-2
Added Net: Name=NetC19_1
Added Pin To Net: NetName=NetC21_2 Pin=C21-2
Added Pin To Net: NetName=NetC21_2 Pin=U3-4
Added Net: Name=NetC21_2
Added Pin To Net: NetName=NetD1_1 Pin=D1-1
Added Pin To Net: NetName=NetD1_1 Pin=L1-2
Added Net: Name=NetD1_1
Added Pin To Net: NetName=NetD2_1 Pin=D2-1
Added Pin To Net: NetName=NetD2_1 Pin=R15-2
Added Net: Name=NetD2_1
Added Pin To Net: NetName=NetD3_1 Pin=D3-1
Added Pin To Net: NetName=NetD3_1 Pin=R16-2
Added Net: Name=NetD3_1
Added Pin To Net: NetName=NetD5_2 Pin=D5-2
Added Pin To Net: NetName=NetD5_2 Pin=R25-2
Added Net: Name=NetD5_2
Added Pin To Net: NetName=NetL1_1 Pin=L1-1
Added Pin To Net: NetName=NetL1_1 Pin=R1-2
Added Pin To Net: NetName=NetL1_1 Pin=U1-26
Added Net: Name=NetL1_1
Added Pin To Net: NetName=NetQ1_1 Pin=R10-2
Added Pin To Net: NetName=NetQ1_1 Pin=U1-18
Added Net: Name=NetQ1_1
Added Pin To Net: NetName=NetQ1_4 Pin=U1-19
Added Net: Name=NetQ1_4
Added Pin To Net: NetName=NetQ2_2 Pin=Q2-2
Added Pin To Net: NetName=NetQ2_2 Pin=Q3-1
Added Pin To Net: NetName=NetQ2_2 Pin=Q3-2
Added Pin To Net: NetName=NetQ2_2 Pin=Q3-3
Added Pin To Net: NetName=NetQ2_2 Pin=R14-1
Added Pin To Net: NetName=NetQ2_2 Pin=U1-2
Added Net: Name=NetQ2_2
Added Pin To Net: NetName=NetQ2_3 Pin=Q2-3
Added Pin To Net: NetName=NetQ2_3 Pin=Q3-4
Added Pin To Net: NetName=NetQ2_3 Pin=U1-3
Added Net: Name=NetQ2_3
Added Pin To Net: NetName=NetR2_2 Pin=R2-2
Added Pin To Net: NetName=NetR2_2 Pin=U1-27
Added Net: Name=NetR2_2
Added Pin To Net: NetName=NetR3_1 Pin=R3-1
Added Pin To Net: NetName=NetR3_1 Pin=R5-1
Added Pin To Net: NetName=NetR3_1 Pin=U1-7
Added Net: Name=NetR3_1
Added Pin To Net: NetName=NetR6_2 Pin=R6-2
Added Pin To Net: NetName=NetR6_2 Pin=R8-1
Added Net: Name=NetR6_2
Added Pin To Net: NetName=NetR12_1 Pin=R12-1
Added Pin To Net: NetName=NetR12_1 Pin=R14-2
Added Net: Name=NetR12_1
Added Pin To Net: NetName=NetR19_1 Pin=R19-1
Added Pin To Net: NetName=NetR19_1 Pin=U1-8
Added Net: Name=NetR19_1
Added Pin To Net: NetName=NetR20_1 Pin=R20-1
Added Pin To Net: NetName=NetR20_1 Pin=U1-12
Added Net: Name=NetR20_1
Added Pin To Net: NetName=NTC+ Pin=P4-1
Added Pin To Net: NetName=NTC+ Pin=P4-2
Added Pin To Net: NetName=NTC+ Pin=U3-9
Added Net: Name=NTC+
Added Pin To Net: NetName=NTC- Pin=P4-3
Added Pin To Net: NetName=NTC- Pin=P4-4
Added Pin To Net: NetName=NTC- Pin=U3-8
Added Net: Name=NTC-
Added Pin To Net: NetName=PWM Pin=R13-2
Added Pin To Net: NetName=PWM Pin=U1-14
Added Pin To Net: NetName=PWM Pin=U3-13
Added Net: Name=PWM
Added Pin To Net: NetName=RXD_232 Pin=U3-20
Added Pin To Net: NetName=RXD_232 Pin=U4-1
Added Net: Name=RXD_232
Added Pin To Net: NetName=SWCLK Pin=P1-2
Added Pin To Net: NetName=SWCLK Pin=U3-24
Added Net: Name=SWCLK
Added Pin To Net: NetName=SWDAT Pin=P1-3
Added Pin To Net: NetName=SWDAT Pin=U3-23
Added Net: Name=SWDAT
Added Pin To Net: NetName=TXD_232 Pin=U3-19
Added Pin To Net: NetName=TXD_232 Pin=U4-4
Added Net: Name=TXD_232
Added Pin To Net: NetName=V\M\O\D\E\ Pin=C13-2
Added Pin To Net: NetName=V\M\O\D\E\ Pin=D3-2
Added Pin To Net: NetName=V\M\O\D\E\ Pin=R17-2
Added Pin To Net: NetName=V\M\O\D\E\ Pin=U1-16
Added Pin To Net: NetName=V\M\O\D\E\ Pin=U3-12
Added Net: Name=V\M\O\D\E\
Added Pin To Net: NetName=VIN_24V Pin=C5-2
Added Pin To Net: NetName=VIN_24V Pin=C7-2
Added Pin To Net: NetName=VIN_24V Pin=C8-1
Added Pin To Net: NetName=VIN_24V Pin=C9-2
Added Pin To Net: NetName=VIN_24V Pin=C25-2
Added Pin To Net: NetName=VIN_24V Pin=C28-2
Added Pin To Net: NetName=VIN_24V Pin=D5-1
Added Pin To Net: NetName=VIN_24V Pin=P2-1
Added Pin To Net: NetName=VIN_24V Pin=R1-1
Added Pin To Net: NetName=VIN_24V Pin=R2-1
Added Pin To Net: NetName=VIN_24V Pin=R4-2
Added Pin To Net: NetName=VIN_24V Pin=U1-23
Added Pin To Net: NetName=VIN_24V Pin=U1-25
Added Pin To Net: NetName=VIN_24V Pin=U6-3
Added Net: Name=VIN_24V
Added Pin To Net: NetName=VOUT Pin=C15-2
Added Pin To Net: NetName=VOUT Pin=C16-2
Added Pin To Net: NetName=VOUT Pin=D4-2
Added Pin To Net: NetName=VOUT Pin=Q3-5
Added Pin To Net: NetName=VOUT Pin=Q3-6
Added Pin To Net: NetName=VOUT Pin=Q3-7
Added Pin To Net: NetName=VOUT Pin=Q3-8
Added Pin To Net: NetName=VOUT Pin=U2-1
Added Net: Name=VOUT
Added Pin To Net: NetName=VREF Pin=R7-1
Added Pin To Net: NetName=VREF Pin=R13-1
Added Pin To Net: NetName=VREF Pin=U1-10
Added Net: Name=VREF
Added Class: Name=3796
Added Class: Name=MCU
Added Class: Name=PWR
