Removed Pin From Net: NetName=GND Pin=P1-1
Removed Pin From Net: NetName=VIN_24V Pin=P1-2
Removed Pin From Net: NetName=LP- Pin=P2-1
Removed Pin From Net: NetName=TEC Pin=P2-2
Removed Pin From Net: NetName=PWM Pin=P2-3
Removed Pin From Net: NetName=SWCLK Pin=P2-4
Removed Pin From Net: NetName=SWDIO Pin=P2-5
Removed Pin From Net: NetName=485A Pin=P2-6
Removed Pin From Net: NetName=485B Pin=P2-7
Removed Pin From Net: NetName=3V3 Pin=P2-8
Removed Member From Class: ClassName=PWR Member=P1
Change Component DesignItemId : Designator=P1 Old DesignItemId=Header 2 New DesignItemId=Header 4
Change Component DesignItemId : Designator=P2 Old DesignItemId=Header 8 New DesignItemId=Header 2
Change Component Footprint: Designator=P1 Old Footprint=2PIN-B2P_VH New Footprint=HDR1X4
Change Component Footprint: Designator=P2 Old Footprint=8P -HY-8AD New Footprint=2PIN-B2P_VH
Change Component Comment : Designator=P2 Old Comment=HY-8AD New Comment=VH Connector, B2P-VH
Change Component Comment : Designator=P1 Old Comment=VH Connector, B2P-VH New Comment=Header 4
Added Component: Designator=C1(SMC_Altium Capacity 8*10)
Added Component: Designator=C2(1206[3216] - NP)
Added Component: Designator=C3(1206[3216] - NP)
Added Component: Designator=C4(1608[0603])
Added Component: Designator=C5(1608[0603])
Added Component: Designator=C6(1608[0603])
Added Component: Designator=C7(1608[0603])
Added Component: Designator=C8(1206[3216] - NP)
Added Component: Designator=C9(1608[0603])
Added Component: Designator=C10(1608[0603])
Added Component: Designator=C11(1608[0603])
Added Component: Designator=C12(1206[3216] - NP)
Added Component: Designator=C13(1206[3216] - NP)
Added Component: Designator=C14(1206[3216] - NP)
Added Component: Designator=C15(1206[3216] - NP)
Added Component: Designator=C16(1206[3216] - NP)
Added Component: Designator=C17(1206[3216] - NP)
Added Component: Designator=C18(SMC_Altium Capacity 8*10)
Added Component: Designator=C19(1608[0603])
Added Component: Designator=C20(1608[0603])
Added Component: Designator=C21(1608[0603])
Added Component: Designator=C22(1608[0603])
Added Component: Designator=C23(1608[0603])
Added Component: Designator=C24(1608[0603])
Added Component: Designator=C25(1608[0603])
Added Component: Designator=C26(1608[0603])
Added Component: Designator=C27(1608[0603])
Added Component: Designator=C28(1608[0603])
Added Component: Designator=C29(1608[0603])
Added Component: Designator=C30(1608[0603])
Added Component: Designator=C31(1608[0603])
Added Component: Designator=C32(1608[0603])
Added Component: Designator=C33(1608[0603])
Added Component: Designator=D1(2012[0805] - LED)
Added Component: Designator=D2(2012[0805] - LED)
Added Component: Designator=D3(SMA_DIOM5226X26N)
Added Component: Designator=D4(PowerDI5)
Added Component: Designator=D5(SMA_DIOM5226X26N)
Added Component: Designator=D6(2012[0805] - LED)
Added Component: Designator=L1(IHLP4040)
Added Component: Designator=P4(8P -HY-8AD)
Added Component: Designator=Q1(SOT95P280X115-3N)
Added Component: Designator=Q2(INF-PG-TDSON-8-1_V)
Added Component: Designator=Q3(1212-8 Single)
Added Component: Designator=R1(1608[0603])
Added Component: Designator=R2(1608[0603])
Added Component: Designator=R3(1608[0603])
Added Component: Designator=R4(RES-adj)
Added Component: Designator=R5(1608[0603])
Added Component: Designator=R6(1608[0603])
Added Component: Designator=R7(1608[0603])
Added Component: Designator=R8(1608[0603])
Added Component: Designator=R9(1608[0603])
Added Component: Designator=R10(1608[0603])
Added Component: Designator=R11(1608[0603])
Added Component: Designator=R12(1608[0603])
Added Component: Designator=R13(1608[0603])
Added Component: Designator=R14(2512[6432])
Added Component: Designator=R15(1608[0603])
Added Component: Designator=R16(1608[0603])
Added Component: Designator=R17(2512[6432])
Added Component: Designator=R18(1608[0603])
Added Component: Designator=R19(1608[0603])
Added Component: Designator=R20(2512[6432])
Added Component: Designator=R21(2512[6432])
Added Component: Designator=R22(1608[0603])
Added Component: Designator=R23(1608[0603])
Added Component: Designator=R24(1608[0603])
Added Component: Designator=R25(1608[0603])
Added Component: Designator=R26(1608[0603])
Added Component: Designator=R27(1608[0603])
Added Component: Designator=R28(1608[0603])
Added Component: Designator=R29(1608[0603])
Added Component: Designator=R30(1608[0603])
Added Component: Designator=R31(1608[0603])
Added Component: Designator=R32(1608[0603])
Added Component: Designator=R33(1608[0603])
Added Component: Designator=R34(1608[0603])
Added Component: Designator=R35(1608[0603])
Added Component: Designator=R36(1608[0603])
Added Component: Designator=R37(1608[0603])
Added Component: Designator=R38(1608[0603])
Added Component: Designator=R39(1608[0603])
Added Component: Designator=R40(2012[0805])
Added Component: Designator=R41(1608[0603])
Added Component: Designator=R42(1608[0603])
Added Component: Designator=U1(TSOP65P640X120_HS-29N)
Added Component: Designator=U2(TQFP80P900X900X160-32N)
Added Component: Designator=U3(SOIC127P600-8N)
Added Component: Designator=U4(SOT89-150P410X160-3N)
Added Component: Designator=U5(SOT89-150P410X160-3N)
Added Component: Designator=Y1(XTAL_SMT)
Added Pin To Net: NetName=VIN_24V Pin=C1-1
Added Pin To Net: NetName=GND Pin=C1-2
Added Pin To Net: NetName=GND Pin=C2-1
Added Pin To Net: NetName=VIN_24V Pin=C2-2
Added Pin To Net: NetName=GND Pin=C3-1
Added Pin To Net: NetName=VIN_24V Pin=C3-2
Added Pin To Net: NetName=INTVCC Pin=C4-2
Added Pin To Net: NetName=V\M\O\D\E\ Pin=C5-2
Added Pin To Net: NetName=GND Pin=C6-1
Added Pin To Net: NetName=CSOUT Pin=C6-2
Added Pin To Net: NetName=GND Pin=C7-1
Added Pin To Net: NetName=ISMON Pin=C7-2
Added Pin To Net: NetName=GND Pin=C8-1
Added Pin To Net: NetName=VIN_24V Pin=C8-2
Added Pin To Net: NetName=NetC9_1 Pin=C9-1
Added Pin To Net: NetName=GND Pin=C9-2
Added Pin To Net: NetName=NetC10_1 Pin=C10-1
Added Pin To Net: NetName=GND Pin=C10-2
Added Pin To Net: NetName=INTVCC Pin=C11-1
Added Pin To Net: NetName=GND Pin=C11-2
Added Pin To Net: NetName=GND Pin=C12-1
Added Pin To Net: NetName=GND Pin=C13-1
Added Pin To Net: NetName=GND Pin=C14-1
Added Pin To Net: NetName=NetC14_2 Pin=C14-2
Added Pin To Net: NetName=GND Pin=C15-1
Added Pin To Net: NetName=NetC14_2 Pin=C15-2
Added Pin To Net: NetName=GND Pin=C16-1
Added Pin To Net: NetName=NetC14_2 Pin=C16-2
Added Pin To Net: NetName=GND Pin=C17-1
Added Pin To Net: NetName=NetC14_2 Pin=C17-2
Added Pin To Net: NetName=NetC14_2 Pin=C18-1
Added Pin To Net: NetName=GND Pin=C18-2
Added Pin To Net: NetName=3V3 Pin=C19-1
Added Pin To Net: NetName=NTC1+ Pin=C19-2
Added Pin To Net: NetName=3V3 Pin=C20-1
Added Pin To Net: NetName=LP+ Pin=C20-2
Added Pin To Net: NetName=NetC23_1 Pin=C21-1
Added Pin To Net: NetName=LP- Pin=C21-2
Added Pin To Net: NetName=NetC22_1 Pin=C22-1
Added Pin To Net: NetName=LP- Pin=C22-2
Added Pin To Net: NetName=LP- Pin=C23-1
Added Pin To Net: NetName=NetC24_2 Pin=C23-2
Added Pin To Net: NetName=3V3 Pin=C24-1
Added Pin To Net: NetName=LP- Pin=C24-2
Added Pin To Net: NetName=LP- Pin=C25-1
Added Pin To Net: NetName=3V3 Pin=C25-2
Added Pin To Net: NetName=3V3 Pin=C26-1
Added Pin To Net: NetName=NTC2+ Pin=C26-2
Added Pin To Net: NetName=LP- Pin=C27-1
Added Pin To Net: NetName=3V3 Pin=C27-2
Added Pin To Net: NetName=LP- Pin=C28-1
Added Pin To Net: NetName=VIN_24V Pin=C28-2
Added Pin To Net: NetName=LP- Pin=C29-1
Added Pin To Net: NetName=VIN_24V Pin=C29-2
Added Pin To Net: NetName=LP- Pin=C30-1
Added Pin To Net: NetName=5V Pin=C30-2
Added Pin To Net: NetName=LP- Pin=C31-1
Added Pin To Net: NetName=5V Pin=C31-2
Added Pin To Net: NetName=LP- Pin=C32-1
Added Pin To Net: NetName=3V3 Pin=C32-2
Added Pin To Net: NetName=LP- Pin=C33-1
Added Pin To Net: NetName=3V3 Pin=C33-2
Added Pin To Net: NetName=NetD1_1 Pin=D1-1
Added Pin To Net: NetName=NetD2_1 Pin=D2-1
Added Pin To Net: NetName=V\M\O\D\E\ Pin=D2-2
Added Pin To Net: NetName=GND Pin=D3-1
Added Pin To Net: NetName=NetD4_1 Pin=D4-1
Added Pin To Net: NetName=NetC14_2 Pin=D4-2
Added Pin To Net: NetName=GND Pin=D5-1
Added Pin To Net: NetName=VIN_24V Pin=D5-2
Added Pin To Net: NetName=NetD6_1 Pin=D6-1
Added Pin To Net: NetName=STATUS Pin=D6-2
Added Pin To Net: NetName=NetL1_1 Pin=L1-1
Added Pin To Net: NetName=NetD4_1 Pin=L1-2
Added Pin To Net: NetName=TP2 Pin=P1-1
Added Pin To Net: NetName=TP1 Pin=P1-2
Added Pin To Net: NetName=LP+ Pin=P1-3
Added Pin To Net: NetName=LP- Pin=P1-4
Added Pin To Net: NetName=GND Pin=P2-1
Added Pin To Net: NetName=VIN_24V Pin=P2-2
Added Pin To Net: NetName=LP- Pin=P4-1
Added Pin To Net: NetName=TEC Pin=P4-2
Added Pin To Net: NetName=PWM Pin=P4-3
Added Pin To Net: NetName=SWCLK Pin=P4-4
Added Pin To Net: NetName=SWDIO Pin=P4-5
Added Pin To Net: NetName=485A Pin=P4-6
Added Pin To Net: NetName=485B Pin=P4-7
Added Pin To Net: NetName=3V3 Pin=P4-8
Added Pin To Net: NetName=NetC14_2 Pin=Q1-1
Added Pin To Net: NetName=NetQ1_2 Pin=Q1-2
Added Pin To Net: NetName=NetQ1_3 Pin=Q1-3
Added Pin To Net: NetName=NetQ2_1 Pin=Q2-1
Added Pin To Net: NetName=NetQ2_1 Pin=Q2-2
Added Pin To Net: NetName=NetQ2_1 Pin=Q2-3
Added Pin To Net: NetName=NetQ2_4 Pin=Q2-4
Added Pin To Net: NetName=NetD4_1 Pin=Q2-5
Added Pin To Net: NetName=NetD4_1 Pin=Q2-6
Added Pin To Net: NetName=NetD4_1 Pin=Q2-7
Added Pin To Net: NetName=NetD4_1 Pin=Q2-8
Added Pin To Net: NetName=NetQ1_2 Pin=Q3-1
Added Pin To Net: NetName=NetQ1_2 Pin=Q3-2
Added Pin To Net: NetName=NetQ1_2 Pin=Q3-3
Added Pin To Net: NetName=NetQ1_3 Pin=Q3-4
Added Pin To Net: NetName=INTVCC Pin=R1-1
Added Pin To Net: NetName=NetD1_1 Pin=R1-2
Added Pin To Net: NetName=NetD2_1 Pin=R2-2
Added Pin To Net: NetName=VREF Pin=R3-1
Added Pin To Net: NetName=PWM Pin=R3-2
Added Pin To Net: NetName=GND Pin=R4-1
Added Pin To Net: NetName=CTRL Pin=R4-2
Added Pin To Net: NetName=VREF Pin=R5-1
Added Pin To Net: NetName=CTRL Pin=R5-2
Added Pin To Net: NetName=INTVCC Pin=R6-1
Added Pin To Net: NetName=V\M\O\D\E\ Pin=R6-2
Added Pin To Net: NetName=GND Pin=R7-1
Added Pin To Net: NetName=INTVCC Pin=R7-2
Added Pin To Net: NetName=EN/UVLO Pin=R8-1
Added Pin To Net: NetName=GND Pin=R8-2
Added Pin To Net: NetName=EN/UVLO Pin=R9-1
Added Pin To Net: NetName=VIN_24V Pin=R9-2
Added Pin To Net: NetName=GND Pin=R10-1
Added Pin To Net: NetName=CSOUT Pin=R10-2
Added Pin To Net: NetName=F\A\U\L\T\ Pin=R11-1
Added Pin To Net: NetName=GND Pin=R12-1
Added Pin To Net: NetName=F\A\U\L\T\ Pin=R12-2
Added Pin To Net: NetName=VIN_24V Pin=R13-1
Added Pin To Net: NetName=VIN_24V Pin=R14-1
Added Pin To Net: NetName=NetL1_1 Pin=R14-2
Added Pin To Net: NetName=NetC10_1 Pin=R15-2
Added Pin To Net: NetName=NetR16_1 Pin=R16-1
Added Pin To Net: NetName=GND Pin=R16-2
Added Pin To Net: NetName=GND Pin=R17-1
Added Pin To Net: NetName=NetQ2_1 Pin=R17-2
Added Pin To Net: NetName=NetR18_1 Pin=R18-1
Added Pin To Net: NetName=NetC14_2 Pin=R18-2
Added Pin To Net: NetName=NetR18_1 Pin=R19-1
Added Pin To Net: NetName=GND Pin=R19-2
Added Pin To Net: NetName=NetC14_2 Pin=R20-2
Added Pin To Net: NetName=NetQ1_2 Pin=R21-1
Added Pin To Net: NetName=GND Pin=R22-1
Added Pin To Net: NetName=NetC14_2 Pin=R22-2
Added Pin To Net: NetName=NetC24_2 Pin=R23-1
Added Pin To Net: NetName=3V3 Pin=R23-2
Added Pin To Net: NetName=3V3 Pin=R24-1
Added Pin To Net: NetName=NTC1+ Pin=R24-2
Added Pin To Net: NetName=3V3 Pin=R25-1
Added Pin To Net: NetName=LP+ Pin=R25-2
Added Pin To Net: NetName=NetC23_1 Pin=R26-1
Added Pin To Net: NetName=NetR11_2 Pin=R26-2
Added Pin To Net: NetName=NetC22_1 Pin=R27-1
Added Pin To Net: NetName=NetR13_1 Pin=R27-2
Added Pin To Net: NetName=NTC2+ Pin=R28-1
Added Pin To Net: NetName=3V3 Pin=R28-2
Added Pin To Net: NetName=NetR14_1 Pin=R29-1
Added Pin To Net: NetName=CTRL Pin=R29-2
Added Pin To Net: NetName=NetR24_2 Pin=R30-1
Added Pin To Net: NetName=ISMON Pin=R30-2
Added Pin To Net: NetName=NetR25_2 Pin=R31-1
Added Pin To Net: NetName=F\A\U\L\T\ Pin=R31-2
Added Pin To Net: NetName=V\M\O\D\E\ Pin=R32-2
Added Pin To Net: NetName=EN/UVLO Pin=R33-2
Added Pin To Net: NetName=CSOUT Pin=R34-2
Added Pin To Net: NetName=485B Pin=R35-1
Added Pin To Net: NetName=3V3 Pin=R35-2
Added Pin To Net: NetName=485A Pin=R36-1
Added Pin To Net: NetName=485B Pin=R36-2
Added Pin To Net: NetName=LP- Pin=R37-1
Added Pin To Net: NetName=485A Pin=R37-2
Added Pin To Net: NetName=UNDERVOLTAGEPROTECT Pin=R38-1
Added Pin To Net: NetName=VIN_24V Pin=R38-2
Added Pin To Net: NetName=GND Pin=R39-1
Added Pin To Net: NetName=UNDERVOLTAGEPROTECT Pin=R39-2
Added Pin To Net: NetName=LP- Pin=R40-1
Added Pin To Net: NetName=GND Pin=R40-2
Added Pin To Net: NetName=3V3 Pin=R41-1
Added Pin To Net: NetName=NetD6_1 Pin=R41-2
Added Pin To Net: NetName=LP- Pin=R42-1
Added Pin To Net: NetName=STATUS Pin=R42-2
Added Pin To Net: NetName=NetC14_2 Pin=U1-1
Added Pin To Net: NetName=NetQ1_2 Pin=U1-2
Added Pin To Net: NetName=NetQ1_3 Pin=U1-3
Added Pin To Net: NetName=GND Pin=U1-4
Added Pin To Net: NetName=ISMON Pin=U1-5
Added Pin To Net: NetName=CSOUT Pin=U1-6
Added Pin To Net: NetName=NetR18_1 Pin=U1-7
Added Pin To Net: NetName=CTRL Pin=U1-9
Added Pin To Net: NetName=VREF Pin=U1-10
Added Pin To Net: NetName=NetC9_1 Pin=U1-11
Added Pin To Net: NetName=NetR16_1 Pin=U1-12
Added Pin To Net: NetName=GND Pin=U1-13
Added Pin To Net: NetName=PWM Pin=U1-14
Added Pin To Net: NetName=V\M\O\D\E\ Pin=U1-16
Added Pin To Net: NetName=GND Pin=U1-17
Added Pin To Net: NetName=NetQ2_1 Pin=U1-18
Added Pin To Net: NetName=NetQ2_4 Pin=U1-19
Added Pin To Net: NetName=INTVCC Pin=U1-20
Added Pin To Net: NetName=GND Pin=U1-21
Added Pin To Net: NetName=GND Pin=U1-22
Added Pin To Net: NetName=VIN_24V Pin=U1-23
Added Pin To Net: NetName=EN/UVLO Pin=U1-24
Added Pin To Net: NetName=VIN_24V Pin=U1-25
Added Pin To Net: NetName=NetL1_1 Pin=U1-26
Added Pin To Net: NetName=CSOUT Pin=U1-28
Added Pin To Net: NetName=GND Pin=U1-29
Added Pin To Net: NetName=3V3 Pin=U2-1
Added Pin To Net: NetName=NetR11_2 Pin=U2-2
Added Pin To Net: NetName=NetR13_1 Pin=U2-3
Added Pin To Net: NetName=NetC24_2 Pin=U2-4
Added Pin To Net: NetName=3V3 Pin=U2-5
Added Pin To Net: NetName=LP+ Pin=U2-6
Added Pin To Net: NetName=UNDERVOLTAGEPROTECT Pin=U2-7
Added Pin To Net: NetName=NTC1+ Pin=U2-8
Added Pin To Net: NetName=NTC2+ Pin=U2-9
Added Pin To Net: NetName=NetR14_1 Pin=U2-10
Added Pin To Net: NetName=NetR24_2 Pin=U2-11
Added Pin To Net: NetName=NetR25_2 Pin=U2-12
Added Pin To Net: NetName=LP- Pin=U2-16
Added Pin To Net: NetName=3V3 Pin=U2-17
Added Pin To Net: NetName=STATUS Pin=U2-18
Added Pin To Net: NetName=TXD Pin=U2-19
Added Pin To Net: NetName=RXD Pin=U2-20
Added Pin To Net: NetName=485DIR Pin=U2-21
Added Pin To Net: NetName=SWDIO Pin=U2-23
Added Pin To Net: NetName=SWCLK Pin=U2-24
Added Pin To Net: NetName=TP2 Pin=U2-25
Added Pin To Net: NetName=TP1 Pin=U2-26
Added Pin To Net: NetName=PWM Pin=U2-28
Added Pin To Net: NetName=TEC Pin=U2-30
Added Pin To Net: NetName=LP- Pin=U2-31
Added Pin To Net: NetName=LP- Pin=U2-32
Added Pin To Net: NetName=RXD Pin=U3-1
Added Pin To Net: NetName=485DIR Pin=U3-2
Added Pin To Net: NetName=485DIR Pin=U3-3
Added Pin To Net: NetName=TXD Pin=U3-4
Added Pin To Net: NetName=LP- Pin=U3-5
Added Pin To Net: NetName=485A Pin=U3-6
Added Pin To Net: NetName=485B Pin=U3-7
Added Pin To Net: NetName=3V3 Pin=U3-8
Added Pin To Net: NetName=5V Pin=U4-1
Added Pin To Net: NetName=LP- Pin=U4-2
Added Pin To Net: NetName=VIN_24V Pin=U4-3
Added Pin To Net: NetName=LP- Pin=U5-1
Added Pin To Net: NetName=3V3 Pin=U5-2
Added Pin To Net: NetName=5V Pin=U5-3
Added Pin To Net: NetName=NetC22_1 Pin=Y1-1
Added Pin To Net: NetName=NetC23_1 Pin=Y1-2
Change Net Name : Old Net Name=NetC23_1 New Net Name=NetC21_1
Change Net Name : Old Net Name=NetC24_2 New Net Name=NetC23_2
Change Net Name : Old Net Name=NetR11_2 New Net Name=NetR26_2
Change Net Name : Old Net Name=NetR13_1 New Net Name=NetR27_2
Change Net Name : Old Net Name=NetR14_1 New Net Name=NetR29_1
Change Net Name : Old Net Name=NetR24_2 New Net Name=NetR30_1
Change Net Name : Old Net Name=NetR25_2 New Net Name=NetR31_1
Added Pin To Net: NetName=NetC4_1 Pin=C4-1
Added Pin To Net: NetName=NetC4_1 Pin=D1-2
Added Pin To Net: NetName=NetC4_1 Pin=R11-2
Added Pin To Net: NetName=NetC4_1 Pin=U1-15
Added Net: Name=NetC4_1
Added Pin To Net: NetName=NetC5_1 Pin=C5-1
Added Pin To Net: NetName=NetC5_1 Pin=R2-1
Added Net: Name=NetC5_1
Added Pin To Net: NetName=NetC12_2 Pin=C12-2
Added Pin To Net: NetName=NetC12_2 Pin=C13-2
Added Pin To Net: NetName=NetC12_2 Pin=D3-2
Added Pin To Net: NetName=NetC12_2 Pin=Q3-5
Added Pin To Net: NetName=NetC12_2 Pin=Q3-6
Added Pin To Net: NetName=NetC12_2 Pin=Q3-7
Added Pin To Net: NetName=NetC12_2 Pin=Q3-8
Added Net: Name=NetC12_2
Added Pin To Net: NetName=NetR13_2 Pin=R13-2
Added Pin To Net: NetName=NetR13_2 Pin=U1-27
Added Net: Name=NetR13_2
Added Pin To Net: NetName=NetR15_1 Pin=R15-1
Added Pin To Net: NetName=NetR15_1 Pin=U1-8
Added Net: Name=NetR15_1
Added Pin To Net: NetName=NetR20_1 Pin=R20-1
Added Pin To Net: NetName=NetR20_1 Pin=R21-2
Added Net: Name=NetR20_1
Added Pin To Net: NetName=NetR32_1 Pin=R32-1
Added Pin To Net: NetName=NetR32_1 Pin=U2-13
Added Net: Name=NetR32_1
Added Pin To Net: NetName=NetR33_1 Pin=R33-1
Added Pin To Net: NetName=NetR33_1 Pin=U2-14
Added Net: Name=NetR33_1
Added Pin To Net: NetName=NetR34_1 Pin=R34-1
Added Pin To Net: NetName=NetR34_1 Pin=U2-15
Added Net: Name=NetR34_1
Added Member To Class: ClassName=3796 Member=Component C1 100uF/50V
Added Member To Class: ClassName=3796 Member=Component C2 47uF/50V
Added Member To Class: ClassName=3796 Member=Component C3 22uF/50V
Added Member To Class: ClassName=3796 Member=Component C4 100nF
Added Member To Class: ClassName=3796 Member=Component C5 100nF
Added Member To Class: ClassName=3796 Member=Component C6 10nF
Added Member To Class: ClassName=3796 Member=Component C7 100nF
Added Member To Class: ClassName=3796 Member=Component C8 4.7uF/50V
Added Member To Class: ClassName=3796 Member=Component C9 1uF
Added Member To Class: ClassName=3796 Member=Component C10 10nF
Added Member To Class: ClassName=3796 Member=Component C11 100nF
Added Member To Class: ClassName=3796 Member=Component C12 2.2uF/50V
Added Member To Class: ClassName=3796 Member=Component C13 100pF/50V
Added Member To Class: ClassName=3796 Member=Component C14 22uF/50V
Added Member To Class: ClassName=3796 Member=Component C15 22uF/50V
Added Member To Class: ClassName=3796 Member=Component C16 22uF/50V
Added Member To Class: ClassName=3796 Member=Component C17 22uF/50V
Added Member To Class: ClassName=3796 Member=Component C18 100uF/50V
Added Member To Class: ClassName=MCU Member=Component C19 100nF
Added Member To Class: ClassName=MCU Member=Component C20 100nF
Added Member To Class: ClassName=MCU Member=Component C21 20pF
Added Member To Class: ClassName=MCU Member=Component C22 20pF
Added Member To Class: ClassName=MCU Member=Component C23 100nF
Added Member To Class: ClassName=MCU Member=Component C24 100nF
Added Member To Class: ClassName=MCU Member=Component C25 100nF
Added Member To Class: ClassName=MCU Member=Component C26 100nF
Added Member To Class: ClassName=MCU Member=Component C27 100nF
Added Member To Class: ClassName=PWR Member=Component C28 22uF
Added Member To Class: ClassName=PWR Member=Component C29 22uF
Added Member To Class: ClassName=PWR Member=Component C30 10uF
Added Member To Class: ClassName=PWR Member=Component C31 100nF
Added Member To Class: ClassName=PWR Member=Component C32 22uF
Added Member To Class: ClassName=PWR Member=Component C33 10uF
Added Member To Class: ClassName=3796 Member=Component D1 LED_Red
Added Member To Class: ClassName=3796 Member=Component D2 LED_Red
Added Member To Class: ClassName=3796 Member=Component D3 SMAJ36CA
Added Member To Class: ClassName=3796 Member=Component D4 PDS5100
Added Member To Class: ClassName=PWR Member=Component D5 SMAJ26CA
Added Member To Class: ClassName=PWR Member=Component D6 LED_Red
Added Member To Class: ClassName=3796 Member=Component L1 IHLP-4040DZ-11
Added Member To Class: ClassName=MCU Member=Component P1 Header 4
Added Member To Class: ClassName=PWR Member=Component P4 HY-8AD
Added Member To Class: ClassName=3796 Member=Component Q1 2N2907
Added Member To Class: ClassName=3796 Member=Component Q2 BSC160N10NS3 G
Added Member To Class: ClassName=3796 Member=Component Q3 Si7113dn
Added Member To Class: ClassName=3796 Member=Component R1 10K
Added Member To Class: ClassName=3796 Member=Component R2 10K
Added Member To Class: ClassName=3796 Member=Component R3 50
Added Member To Class: ClassName=3796 Member=Component R4 20K
Added Member To Class: ClassName=3796 Member=Component R5 6K
Added Member To Class: ClassName=3796 Member=Component R6 500K
Added Member To Class: ClassName=3796 Member=Component R7 500K
Added Member To Class: ClassName=3796 Member=Component R8 2K
Added Member To Class: ClassName=3796 Member=Component R9 20K
Added Member To Class: ClassName=3796 Member=Component R10 200K
Added Member To Class: ClassName=3796 Member=Component R11 500K
Added Member To Class: ClassName=3796 Member=Component R12 500K
Added Member To Class: ClassName=3796 Member=Component R13 6K
Added Member To Class: ClassName=3796 Member=Component R14 0.01
Added Member To Class: ClassName=3796 Member=Component R15 10K
Added Member To Class: ClassName=3796 Member=Component R16 20K
Added Member To Class: ClassName=3796 Member=Component R17 0.02
Added Member To Class: ClassName=3796 Member=Component R18 620K
Added Member To Class: ClassName=3796 Member=Component R19 20K
Added Member To Class: ClassName=3796 Member=Component R20 0.05
Added Member To Class: ClassName=3796 Member=Component R21 0.2
Added Member To Class: ClassName=3796 Member=Component R22 10K
Added Member To Class: ClassName=MCU Member=Component R23 10k
Added Member To Class: ClassName=MCU Member=Component R24 3.3K
Added Member To Class: ClassName=MCU Member=Component R25 3.3K
Added Member To Class: ClassName=MCU Member=Component R26 0
Added Member To Class: ClassName=MCU Member=Component R27 390
Added Member To Class: ClassName=MCU Member=Component R28 3.3K
Added Member To Class: ClassName=MCU Member=Component R29 0
Added Member To Class: ClassName=MCU Member=Component R30 0
Added Member To Class: ClassName=MCU Member=Component R31 0
Added Member To Class: ClassName=MCU Member=Component R32 0
Added Member To Class: ClassName=MCU Member=Component R33 0
Added Member To Class: ClassName=MCU Member=Component R34 0
Added Member To Class: ClassName=MCU Member=Component R35 3.3K
Added Member To Class: ClassName=MCU Member=Component R36 120
Added Member To Class: ClassName=MCU Member=Component R37 3.3K
Added Member To Class: ClassName=PWR Member=Component R38 50K
Added Member To Class: ClassName=PWR Member=Component R39 2k
Added Member To Class: ClassName=PWR Member=Component R40 0
Added Member To Class: ClassName=PWR Member=Component R41 6K
Added Member To Class: ClassName=PWR Member=Component R42 6K
Added Member To Class: ClassName=3796 Member=Component U1 PWR_LT3796_Boost
Added Member To Class: ClassName=MCU Member=Component U2 STM32F051K8T6
Added Member To Class: ClassName=MCU Member=Component U3 SP3485EN
Added Member To Class: ClassName=PWR Member=Component U4 L78L05
Added Member To Class: ClassName=PWR Member=Component U5 AMS1117-3.3V
Added Member To Class: ClassName=MCU Member=Component Y1 XTAL
