Change Component Comment : Designator=C1 Old Comment=Altium Electrolytic Cap New Comment=100uF/50V
Change Component Comment : Designator=C18 Old Comment=Altium Electrolytic Cap New Comment=100uF/50V
Change Component Comment : Designator=C7 Old Comment=Ceramic Cap New Comment=0.1uF
Change Component Comment : Designator=C11 Old Comment=Ceramic Cap New Comment=0.1uF
Change Component Comment : Designator=C9 Old Comment=Ceramic Cap New Comment=1uF
Change Component Comment : Designator=C8 Old Comment=Ceramic Cap New Comment=4.7uF/50V
Change Component Comment : Designator=C6 Old Comment=Ceramic Cap New Comment=10nF
Change Component Comment : Designator=C10 Old Comment=Ceramic Cap New Comment=10nF
Change Component Comment : Designator=C31 Old Comment=Ceramic Cap New Comment=10uF
Change Component Comment : Designator=C34 Old Comment=Ceramic Cap New Comment=10uF
Change Component Comment : Designator=C22 Old Comment=Ceramic Cap New Comment=20pF
Change Component Comment : Designator=C23 Old Comment=Ceramic Cap New Comment=20pF
Change Component Comment : Designator=C3 Old Comment=Ceramic Cap New Comment=22uF/50V
Change Component Comment : Designator=C14 Old Comment=Ceramic Cap New Comment=22uF/50V
Change Component Comment : Designator=C15 Old Comment=Ceramic Cap New Comment=22uF/50V
Change Component Comment : Designator=C16 Old Comment=Ceramic Cap New Comment=22uF/50V
Change Component Comment : Designator=C17 Old Comment=Ceramic Cap New Comment=22uF/50V
Change Component Comment : Designator=C29 Old Comment=Ceramic Cap New Comment=22uF
Change Component Comment : Designator=C30 Old Comment=Ceramic Cap New Comment=22uF
Change Component Comment : Designator=C33 Old Comment=Ceramic Cap New Comment=22uF
Change Component Comment : Designator=C2 Old Comment=Ceramic Cap New Comment=47uF/50V
Change Component Comment : Designator=C4 Old Comment=Ceramic Cap New Comment=100nF
Change Component Comment : Designator=C5 Old Comment=Ceramic Cap New Comment=100nF
Change Component Comment : Designator=C20 Old Comment=Ceramic Cap New Comment=100nF
Change Component Comment : Designator=C21 Old Comment=Ceramic Cap New Comment=100nF
Change Component Comment : Designator=C24 Old Comment=Ceramic Cap New Comment=100nF
Change Component Comment : Designator=C25 Old Comment=Ceramic Cap New Comment=100nF
Change Component Comment : Designator=C26 Old Comment=Ceramic Cap New Comment=100nF
Change Component Comment : Designator=C27 Old Comment=Ceramic Cap New Comment=100nF
Change Component Comment : Designator=C28 Old Comment=Ceramic Cap New Comment=100nF
Change Component Comment : Designator=C32 Old Comment=Ceramic Cap New Comment=100nF
Change Component Comment : Designator=R12 Old Comment=Res New Comment=0.01
Change Component Comment : Designator=R15 Old Comment=Res New Comment=0.02
Change Component Comment : Designator=R19 Old Comment=Res New Comment=0.2
Change Component Comment : Designator=R18 Old Comment=Res New Comment=0.05
Change Component Comment : Designator=R4 Old Comment=Res New Comment=0
Change Component Comment : Designator=R24 Old Comment=Res New Comment=0
Change Component Comment : Designator=R32 Old Comment=Res New Comment=0
Change Component Comment : Designator=R8 Old Comment=Res New Comment=2K
Change Component Comment : Designator=R31 Old Comment=Res New Comment=2k
Change Component Comment : Designator=R22 Old Comment=Res New Comment=3.3K
Change Component Comment : Designator=R23 Old Comment=Res New Comment=3.3K
Change Component Comment : Designator=R26 Old Comment=Res New Comment=3.3K
Change Component Comment : Designator=R27 Old Comment=Res New Comment=3.3K
Change Component Comment : Designator=R29 Old Comment=Res New Comment=3.3K
Change Component Comment : Designator=R6 Old Comment=Res New Comment=5K
Change Component Comment : Designator=R10 Old Comment=Res New Comment=5K
Change Component Comment : Designator=R11 Old Comment=Res New Comment=6K
Change Component Comment : Designator=R1 Old Comment=Res New Comment=10K
Change Component Comment : Designator=R2 Old Comment=Res New Comment=10K
Change Component Comment : Designator=R13 Old Comment=Res New Comment=10K
Change Component Comment : Designator=R20 Old Comment=Res New Comment=10K
Change Component Comment : Designator=R21 Old Comment=Res New Comment=10k
Change Component Comment : Designator=R33 Old Comment=Res New Comment=10K
Change Component Comment : Designator=R34 Old Comment=Res New Comment=10K
Change Component Comment : Designator=R14 Old Comment=Res New Comment=20K
Change Component Comment : Designator=R17 Old Comment=Res New Comment=20K
Change Component Comment : Designator=R30 Old Comment=Res New Comment=50K
Change Component Comment : Designator=R28 Old Comment=Res New Comment=120
Change Component Comment : Designator=R9 Old Comment=Res New Comment=200K
Change Component Comment : Designator=R25 Old Comment=Res New Comment=390
Change Component Comment : Designator=R16 Old Comment=Res New Comment=620
Change Component Comment : Designator=R3 Old Comment=Res New Comment=NoP_6K
Change Component Comment : Designator=R7 Old Comment=Res New Comment=NoP_20K
Change Component Comment : Designator=R5 Old Comment=Res Adj1 New Comment=20K
