Removed Pin From Net: NetName=GND Pin=P3-1
Removed Pin From Net: NetName=GND Pin=P3-2
Removed Pin From Net: NetName=LD+ Pin=P3-3
Removed Pin From Net: NetName=LD+ Pin=P3-4
Removed Pin From Net: NetName=LP- Pin=P3-5
Removed Pin From Net: NetName=NTC2+ Pin=P3-6
Removed Pin From Net: NetName=LP- Pin=P3-7
Removed Pin From Net: NetName=NTC1+ Pin=P3-8
Removed Pin From Net: NetName=NTC2+ Pin=R29-1
Removed Pin From Net: NetName=3V3 Pin=R29-2
Removed Pin From Net: NetName=LP- Pin=R41-1
Removed Pin From Net: NetName=GND Pin=R41-2
Removed Pin From Net: NetName=LP- Pin=R43-1
Removed Pin From Net: NetName=STATE Pin=R43-2
Removed Member From Class: ClassName=PWR Member=C34
Added Component: Designator=R29(1608[0603])
Added Component: Designator=R41(2012[0805])
Added Component: Designator=R43(1608[0603])
Added Pin To Net: NetName=NTC1+ Pin=P3-1
Added Pin To Net: NetName=LP- Pin=P3-2
Added Pin To Net: NetName=NTC2+ Pin=P3-3
Added Pin To Net: NetName=LP- Pin=P3-4
Added Pin To Net: NetName=LD+ Pin=P3-5
Added Pin To Net: NetName=LD+ Pin=P3-6
Added Pin To Net: NetName=GND Pin=P3-7
Added Pin To Net: NetName=GND Pin=P3-8
Added Pin To Net: NetName=NTC2+ Pin=R29-1
Added Pin To Net: NetName=3V3 Pin=R29-2
Added Pin To Net: NetName=LP- Pin=R41-1
Added Pin To Net: NetName=GND Pin=R41-2
Added Pin To Net: NetName=LP- Pin=R43-1
Added Pin To Net: NetName=STATE Pin=R43-2
Added Member To Class: ClassName=MCU Member=Component R29 3.3K
Added Member To Class: ClassName=PWR Member=Component R41 0
Added Member To Class: ClassName=PWR Member=Component R43 3.3K
