Removed Pin From Net: NetName=NTC1- Pin=C23-1
Removed Pin From Net: NetName=NetC23_2 Pin=C23-2
Removed Pin From Net: NetName=NTC1- Pin=C24-1
Removed Pin From Net: NetName=3V3 Pin=C24-2
Removed Pin From Net: NetName=NTC1- Pin=C32-1
Removed Pin From Net: NetName=3V3 Pin=C32-2
Removed Pin From Net: NetName=VIN_24V Pin=D5-2
Removed Pin From Net: NetName=3V3 Pin=R25-1
Removed Pin From Net: NetName=NTC2+ Pin=R25-2
Removed Pin From Net: NetName=485B Pin=R26-1
Removed Pin From Net: NetName=3V3 Pin=R26-2
Removed Pin From Net: NetName=GND Pin=R28-1
Removed Pin From Net: NetName=485A Pin=R28-2
Removed Member From Class: ClassName=MCU Member=C31
Removed Member From Class: ClassName=MCU Member=R16
Added Component: Designator=C23(1608[0603])
Added Component: Designator=C24(1608[0603])
Added Component: Designator=C32(1608[0603])
Added Component: Designator=R25(1608[0603])
Added Component: Designator=R26(1608[0603])
Added Component: Designator=R28(1608[0603])
Added Pin To Net: NetName=NTC1- Pin=C23-1
Added Pin To Net: NetName=NetC23_2 Pin=C23-2
Added Pin To Net: NetName=NTC1- Pin=C24-1
Added Pin To Net: NetName=3V3 Pin=C24-2
Added Pin To Net: NetName=NTC1- Pin=C32-1
Added Pin To Net: NetName=3V3 Pin=C32-2
Added Pin To Net: NetName=NetF1_1 Pin=D5-2
Added Pin To Net: NetName=3V3 Pin=R25-1
Added Pin To Net: NetName=NTC2+ Pin=R25-2
Added Pin To Net: NetName=485B Pin=R26-1
Added Pin To Net: NetName=3V3 Pin=R26-2
Added Pin To Net: NetName=GND Pin=R28-1
Added Pin To Net: NetName=485A Pin=R28-2
Change Net Name : Old Net Name=NetF1_1 New Net Name=NetD5_2
Added Member To Class: ClassName=MCU Member=Component C23 Ceramic Cap
Added Member To Class: ClassName=MCU Member=Component C24 Ceramic Cap
Added Member To Class: ClassName=MCU Member=Component C25 Ceramic Cap
Added Member To Class: ClassName=MCU Member=Component C27 Ceramic Cap
Added Member To Class: ClassName=PWR Member=Component C30 Ceramic Cap
Added Member To Class: ClassName=PWR Member=Component C32 Ceramic Cap
Added Member To Class: ClassName=3796 Member=Component D3 SMAJ36CA
Added Member To Class: ClassName=3796 Member=Component R16 Res,620k
Added Member To Class: ClassName=MCU Member=Component R22 Res
Added Member To Class: ClassName=MCU Member=Component R25 Res
Added Member To Class: ClassName=MCU Member=Component R26 Res
Added Member To Class: ClassName=MCU Member=Component R28 Res
