Removed Pin From Net: NetName=NetC5_1 Pin=C5-1
Removed Pin From Net: NetName=GND Pin=P1-1
Removed Pin From Net: NetName=VIN_24V Pin=P1-2
Removed Pin From Net: NetName=LP- Pin=P2-1
Removed Pin From Net: NetName=TEC Pin=P2-2
Removed Pin From Net: NetName=PWM Pin=P2-3
Removed Pin From Net: NetName=SWCLK Pin=P2-4
Removed Pin From Net: NetName=SWDIO Pin=P2-5
Removed Pin From Net: NetName=485_N Pin=P2-6
Removed Pin From Net: NetName=485_P Pin=P2-7
Removed Pin From Net: NetName=3V3 Pin=P2-8
Removed Pin From Net: NetName=NetC5_1 Pin=R2-1
Removed Pin From Net: NetName=INTVCC Pin=R6-1
Removed Pin From Net: NetName=INTVCC Pin=R7-2
Removed Pin From Net: NetName=NTC2+ Pin=R28-1
Removed Pin From Net: NetName=3V3 Pin=R28-2
Removed Pin From Net: NetName=V\M\O\D\E\ Pin=R32-2
Removed Pin From Net: NetName=UNDERVOLTAGEPROTECT Pin=R38-1
Removed Pin From Net: NetName=VIN_24V Pin=R38-2
Removed Pin From Net: NetName=LP- Pin=R39-1
Removed Pin From Net: NetName=UNDERVOLTAGEPROTECT Pin=R39-2
Removed Pin From Net: NetName=LP- Pin=R40-1
Removed Pin From Net: NetName=3V3 Pin=R41-1
Removed Pin From Net: NetName=NetD6_1 Pin=R41-2
Removed Pin From Net: NetName=LP- Pin=R42-1
Removed Pin From Net: NetName=STATUS Pin=R42-2
Removed Pin From Net: NetName=STATUS Pin=U2-18
Removed Member From Class: ClassName=PWR Member=P1
Removed Member From Class: ClassName=PWR Member=R42
Change Component DesignItemId : Designator=P2 Old DesignItemId=Header 8 New DesignItemId=Header 2
Change Component Footprint: Designator=P2 Old Footprint=8P -HY-8AD New Footprint=2PIN-B2P_VH
Change Component Footprint: Designator=R40 Old Footprint=2012[0805] New Footprint=1608[0603]
Change Component Comment : Designator=R40 Old Comment=0 New Comment=2K
Change Component Comment : Designator=R39 Old Comment=2k New Comment=50K
Change Component Comment : Designator=R28 Old Comment=3.3K New Comment=0
Change Component Comment : Designator=R38 Old Comment=50K New Comment=3.3K
Change Component Comment : Designator=P2 Old Comment=HY-8AD New Comment=VH Connector, B2P-VH
Change Component Designator: OldDesignator=P4 NewDesignator=P1
Change Component Designator: OldDesignator=R29 NewDesignator=R30
Change Component Designator: OldDesignator=R30 NewDesignator=R31
Change Component Designator: OldDesignator=R31 NewDesignator=R32
Change Component Designator: OldDesignator=R32 NewDesignator=R33
Change Component Designator: OldDesignator=R33 NewDesignator=R34
Change Component Designator: OldDesignator=R34 NewDesignator=R35
Change Component Designator: OldDesignator=R35 NewDesignator=R36
Change Component Designator: OldDesignator=R36 NewDesignator=R37
Change Component Designator: OldDesignator=R37 NewDesignator=R38
Change Component Designator: OldDesignator=R38 NewDesignator=R42
Added Component: Designator=P4(8P -HY-8AD)
Added Component: Designator=R29(1608[0603])
Added Component: Designator=R41(2012[0805])
Added Component: Designator=R43(1608[0603])
Added Pin To Net: NetName=INTVCC Pin=C5-1
Added Pin To Net: NetName=GND Pin=P2-1
Added Pin To Net: NetName=VIN_24V Pin=P2-2
Added Pin To Net: NetName=LP- Pin=P4-1
Added Pin To Net: NetName=TEC Pin=P4-2
Added Pin To Net: NetName=PWM Pin=P4-3
Added Pin To Net: NetName=SWCLK Pin=P4-4
Added Pin To Net: NetName=SWDIO Pin=P4-5
Added Pin To Net: NetName=485_N Pin=P4-6
Added Pin To Net: NetName=485_P Pin=P4-7
Added Pin To Net: NetName=3V3 Pin=P4-8
Added Pin To Net: NetName=INTVCC Pin=R2-1
Added Pin To Net: NetName=NetC5_1 Pin=R28-1
Added Pin To Net: NetName=UNDERVOLTAGEPROTECT Pin=R28-2
Added Pin To Net: NetName=NTC2+ Pin=R29-1
Added Pin To Net: NetName=3V3 Pin=R29-2
Added Pin To Net: NetName=VIN_24V Pin=R39-1
Added Pin To Net: NetName=NetC5_1 Pin=R39-2
Added Pin To Net: NetName=NetC5_1 Pin=R40-1
Added Pin To Net: NetName=LP- Pin=R41-1
Added Pin To Net: NetName=GND Pin=R41-2
Added Pin To Net: NetName=NetD6_1 Pin=R42-1
Added Pin To Net: NetName=3V3 Pin=R42-2
Added Pin To Net: NetName=LP- Pin=R43-1
Added Pin To Net: NetName=STATUS Pin=R43-2
Added Pin To Net: NetName=STATUS Pin=U2-22
Change Net Name : Old Net Name=NetC5_1 New Net Name=UVP
Change Net Name : Old Net Name=NetR29_1 New Net Name=NetR30_1
Change Net Name : Old Net Name=NetR30_1 New Net Name=NetR31_1
Change Net Name : Old Net Name=NetR31_1 New Net Name=NetR32_1
Change Net Name : Old Net Name=NetR32_1 New Net Name=NetR33_1
Change Net Name : Old Net Name=NetR33_1 New Net Name=NetR34_1
Change Net Name : Old Net Name=NetR34_1 New Net Name=NetR35_1
Change Net Name : Old Net Name=STATUS New Net Name=STATE
Change Net Name : Old Net Name=UNDERVOLTAGEPROTECT New Net Name=NetR28_2
Change Net Name : Old Net Name=V\M\O\D\E\ New Net Name=NetC5_2
Added Pin To Net: NetName=V\M\O\D\E\ Pin=R6-1
Added Pin To Net: NetName=V\M\O\D\E\ Pin=R7-2
Added Pin To Net: NetName=V\M\O\D\E\ Pin=R33-2
Added Net: Name=V\M\O\D\E\
Added Member To Class: ClassName=PWR Member=Component P4 HY-8AD
Added Member To Class: ClassName=MCU Member=Component R38 3.3K
Added Member To Class: ClassName=PWR Member=Component R43 3.3K
