Removed Pin From Net: NetName=NetC21_1 Pin=C21-1
Removed Pin From Net: NetName=DGND Pin=C21-2
Removed Pin From Net: NetName=DGND Pin=C23-1
Removed Pin From Net: NetName=NetC23_2 Pin=C23-2
Removed Pin From Net: NetName=DGND Pin=C24-1
Removed Pin From Net: NetName=3V3 Pin=C24-2
Removed Pin From Net: NetName=VIN_24V Pin=C28-2
Removed Pin From Net: NetName=DGND Pin=C32-1
Removed Pin From Net: NetName=3V3 Pin=C32-2
Removed Pin From Net: NetName=NTC1- Pin=P1-1
Removed Pin From Net: NetName=NetD5_2 Pin=P1-2
Removed Pin From Net: NetName=NTC1- Pin=P2-1
Removed Pin From Net: NetName=NTC1- Pin=P2-2
Removed Pin From Net: NetName=LD+ Pin=P2-3
Removed Pin From Net: NetName=LD+ Pin=P2-4
Removed Pin From Net: NetName=NTC1- Pin=P2-5
Removed Pin From Net: NetName=NTC2+ Pin=P2-6
Removed Pin From Net: NetName=NTC1- Pin=P2-7
Removed Pin From Net: NetName=NTC1+ Pin=P2-8
Removed Pin From Net: NetName=SYNC Pin=P3-7
Removed Pin From Net: NetName=NetP4_1 Pin=P4-1
Removed Pin From Net: NetName=NetP4_2 Pin=P4-2
Removed Pin From Net: NetName=NetP4_3 Pin=P4-3
Removed Pin From Net: NetName=NetP4_4 Pin=P4-4
Removed Pin From Net: NetName=NetP4_5 Pin=P4-5
Removed Pin From Net: NetName=NetP4_6 Pin=P4-6
Removed Pin From Net: NetName=NetC23_2 Pin=R21-1
Removed Pin From Net: NetName=NetC21_1 Pin=R23-1
Removed Pin From Net: NetName=3V3 Pin=R25-1
Removed Pin From Net: NetName=NTC2+ Pin=R25-2
Removed Pin From Net: NetName=485B Pin=R26-1
Removed Pin From Net: NetName=3V3 Pin=R26-2
Removed Pin From Net: NetName=DGND Pin=R28-1
Removed Pin From Net: NetName=485A Pin=R28-2
Removed Pin From Net: NetName=NetR24_2 Pin=U3-3
Removed Pin From Net: NetName=NetC23_2 Pin=U3-4
Removed Pin From Net: NetName=UNDERVOLTAGEPROTECT Pin=U3-7
Removed Pin From Net: NetName=NetP4_6 Pin=U3-25
Removed Pin From Net: NetName=NetP4_5 Pin=U3-26
Removed Pin From Net: NetName=NetP4_4 Pin=U3-27
Removed Pin From Net: NetName=NetP4_3 Pin=U3-28
Removed Pin From Net: NetName=NetP4_2 Pin=U3-29
Removed Pin From Net: NetName=NetP4_1 Pin=U3-30
Removed Pin From Net: NetName=NetC22_1 Pin=Y1-1
Removed Pin From Net: NetName=NetC21_1 Pin=Y1-2
Change Component DesignItemId : Designator=P2 Old DesignItemId=Header 8 New DesignItemId=Header 3
Change Component Footprint: Designator=P1 Old Footprint=2PIN-B2P_VH New Footprint=HDR1X2
Change Component Footprint: Designator=P2 Old Footprint=8P-TJC3B8AD New Footprint=HDR1X3
Change Component Comment : Designator=P2 Old Comment=TJC3B-8AD New Comment=Header 3
Change Component Comment : Designator=P1 Old Comment=VH Connector, B2P-VH New Comment=Header 2
Change Component Designator: OldDesignator=C25 NewDesignator=C26
Change Component Designator: OldDesignator=C26 NewDesignator=C27
Change Component Designator: OldDesignator=C27 NewDesignator=C28
Change Component Designator: OldDesignator=C28 NewDesignator=C33
Change Component Designator: OldDesignator=C30 NewDesignator=C31
Change Component Designator: OldDesignator=C31 NewDesignator=C32
Change Component Designator: OldDesignator=C33 NewDesignator=C34
Change Component Designator: OldDesignator=P3 NewDesignator=P6
Change Component Designator: OldDesignator=P4 NewDesignator=P3
Change Component Designator: OldDesignator=R27 NewDesignator=R28
Change Component Designator: OldDesignator=R29 NewDesignator=R30
Change Component Designator: OldDesignator=R30 NewDesignator=R31
Change Component Designator: OldDesignator=R31 NewDesignator=R32
Change Component Designator: OldDesignator=R32 NewDesignator=R33
Added Component: Designator=C24(1608[0603])
Added Component: Designator=C25(1608[0603])
Added Component: Designator=C30(1608[0603])
Added Component: Designator=P4(2PIN-B2P_VH)
Added Component: Designator=P5(8P-TJC3B8AD)
Added Component: Designator=R26(1608[0603])
Added Component: Designator=R27(1608[0603])
Added Component: Designator=R29(1608[0603])
Added Pin To Net: NetName=3V3 Pin=C21-1
Added Pin To Net: NetName=NetP4_6 Pin=C21-2
Added Pin To Net: NetName=NetC23_2 Pin=C23-1
Added Pin To Net: NetName=DGND Pin=C23-2
Added Pin To Net: NetName=DGND Pin=C24-1
Added Pin To Net: NetName=NetP4_1 Pin=C24-2
Added Pin To Net: NetName=DGND Pin=C25-1
Added Pin To Net: NetName=3V3 Pin=C25-2
Added Pin To Net: NetName=DGND Pin=C30-1
Added Pin To Net: NetName=VIN_24V Pin=C30-2
Added Pin To Net: NetName=3V3 Pin=C33-2
Added Pin To Net: NetName=NetP4_6 Pin=P1-1
Added Pin To Net: NetName=NTC1- Pin=P1-2
Added Pin To Net: NetName=NetP4_2 Pin=P2-1
Added Pin To Net: NetName=NetP4_3 Pin=P2-2
Added Pin To Net: NetName=NetP4_4 Pin=P2-3
Added Pin To Net: NetName=NTC1- Pin=P4-1
Added Pin To Net: NetName=NetD5_2 Pin=P4-2
Added Pin To Net: NetName=NTC1- Pin=P5-1
Added Pin To Net: NetName=NTC1- Pin=P5-2
Added Pin To Net: NetName=LD+ Pin=P5-3
Added Pin To Net: NetName=LD+ Pin=P5-4
Added Pin To Net: NetName=NTC1- Pin=P5-5
Added Pin To Net: NetName=NTC2+ Pin=P5-6
Added Pin To Net: NetName=NetC21_1 Pin=P5-7
Added Pin To Net: NetName=NTC1+ Pin=P5-8
Added Pin To Net: NetName=PWM Pin=P6-7
Added Pin To Net: NetName=NetP4_1 Pin=R21-1
Added Pin To Net: NetName=3V3 Pin=R23-1
Added Pin To Net: NetName=NetP4_6 Pin=R23-2
Added Pin To Net: NetName=NetC23_2 Pin=R25-1
Added Pin To Net: NetName=NetP4_5 Pin=R25-2
Added Pin To Net: NetName=3V3 Pin=R26-1
Added Pin To Net: NetName=NTC2+ Pin=R26-2
Added Pin To Net: NetName=485B Pin=R27-1
Added Pin To Net: NetName=3V3 Pin=R27-2
Added Pin To Net: NetName=DGND Pin=R29-1
Added Pin To Net: NetName=485A Pin=R29-2
Added Pin To Net: NetName=NetR24_2 Pin=U3-2
Added Pin To Net: NetName=NetP4_5 Pin=U3-3
Added Pin To Net: NetName=NetP4_1 Pin=U3-4
Added Pin To Net: NetName=UNDERVOLTAGEPROTECT Pin=U3-6
Added Pin To Net: NetName=NetP4_6 Pin=U3-7
Added Pin To Net: NetName=NetP4_4 Pin=U3-25
Added Pin To Net: NetName=NetP4_3 Pin=U3-26
Added Pin To Net: NetName=NetP4_2 Pin=U3-27
Added Pin To Net: NetName=TEC Pin=U3-30
Added Pin To Net: NetName=NetC23_2 Pin=Y1-1
Added Pin To Net: NetName=NetC22_1 Pin=Y1-2
Change Net Name : Old Net Name=NetC21_1 New Net Name=NTC1-
Change Net Name : Old Net Name=NetC23_2 New Net Name=NetC23_1
Change Net Name : Old Net Name=NetP4_1 New Net Name=NetC24_2
Change Net Name : Old Net Name=NetP4_2 New Net Name=NetP2_1
Change Net Name : Old Net Name=NetP4_3 New Net Name=NetP2_2
Change Net Name : Old Net Name=NetP4_4 New Net Name=NetP2_3
Change Net Name : Old Net Name=NetP4_5 New Net Name=NetR25_2
Change Net Name : Old Net Name=NetP4_6 New Net Name=LP+
Change Net Name : Old Net Name=NTC1- New Net Name=LP-
Added Member To Class: ClassName=MCU Member=Component C23 Ceramic Cap
Added Member To Class: ClassName=MCU Member=Component C24 Ceramic Cap
Added Member To Class: ClassName=MCU Member=Component C28 Ceramic Cap
Added Member To Class: ClassName=PWR Member=Component C32 Ceramic Cap
Added Member To Class: ClassName=MCU Member=Component P1 Header 2
Added Member To Class: ClassName=MCU Member=Component P2 Header 3
Added Member To Class: ClassName=MCU Member=Component R25 Res
Added Member To Class: ClassName=MCU Member=Component R26 Res
Added Member To Class: ClassName=MCU Member=Component R28 Res
Added Member To Class: ClassName=MCU Member=Component R29 Res
