Removed Pin From Net: NetName=DGND Pin=C25-1
Removed Pin From Net: NetName=3V3 Pin=C25-2
Removed Pin From Net: NetName=DGND Pin=C30-1
Removed Pin From Net: NetName=VIN_24V Pin=C30-2
Removed Pin From Net: NetName=NTC2- Pin=P4-1
Removed Pin From Net: NetName=NetD5_2 Pin=P4-2
Removed Pin From Net: NetName=NTC2- Pin=P5-1
Removed Pin From Net: NetName=NTC2- Pin=P5-2
Removed Pin From Net: NetName=LD+ Pin=P5-3
Removed Pin From Net: NetName=LD+ Pin=P5-4
Removed Pin From Net: NetName=NTC2- Pin=P5-5
Removed Pin From Net: NetName=NTC2+ Pin=P5-6
Removed Pin From Net: NetName=NTC1- Pin=P5-7
Removed Pin From Net: NetName=NTC1+ Pin=P5-8
Removed Pin From Net: NetName=3V3 Pin=R26-1
Removed Pin From Net: NetName=NTC2+ Pin=R26-2
Added Component: Designator=C30(1608[0603])
Added Component: Designator=P4(2PIN-B2P_VH)
Added Component: Designator=P5(8P-TJC3B8AD)
Added Pin To Net: NetName=3V3 Pin=C25-1
Added Pin To Net: NetName=DGND Pin=C25-2
Added Pin To Net: NetName=DGND Pin=C30-1
Added Pin To Net: NetName=VIN_24V Pin=C30-2
Added Pin To Net: NetName=NTC2- Pin=P4-1
Added Pin To Net: NetName=NetD5_2 Pin=P4-2
Added Pin To Net: NetName=NTC2- Pin=P5-1
Added Pin To Net: NetName=NTC2- Pin=P5-2
Added Pin To Net: NetName=LD+ Pin=P5-3
Added Pin To Net: NetName=LD+ Pin=P5-4
Added Pin To Net: NetName=NTC2- Pin=P5-5
Added Pin To Net: NetName=NTC2+ Pin=P5-6
Added Pin To Net: NetName=NTC1- Pin=P5-7
Added Pin To Net: NetName=NTC1+ Pin=P5-8
Added Pin To Net: NetName=NTC2+ Pin=R26-1
Added Pin To Net: NetName=3V3 Pin=R26-2
Added Member To Class: ClassName=MCU Member=Component C24 Ceramic Cap
Added Member To Class: ClassName=MCU Member=Component C25 Ceramic Cap
Added Member To Class: ClassName=PWR Member=Component C30 Ceramic Cap
Added Member To Class: ClassName=MCU Member=Component R26 Res
Added Member To Class: ClassName=MCU Member=Component R27 Res
Added Member To Class: ClassName=MCU Member=Component R29 Res
