Removed Pin From Net: NetName=GND Pin=P1-1
Removed Pin From Net: NetName=CS_P Pin=P1-2
Removed Pin From Net: NetName=LP- Pin=P2-1
Removed Pin From Net: NetName=TEC Pin=P2-2
Removed Pin From Net: NetName=PWM Pin=P2-3
Removed Pin From Net: NetName=SWCLK Pin=P2-4
Removed Pin From Net: NetName=SWDIO Pin=P2-5
Removed Pin From Net: NetName=485_N Pin=P2-6
Removed Pin From Net: NetName=485_P Pin=P2-7
Removed Pin From Net: NetName=3V3 Pin=P2-8
Removed Member From Class: ClassName=3796 Member=C35
Removed Member From Class: ClassName=PWR Member=P1
Change Component DesignItemId : Designator=P2 Old DesignItemId=Header 8 New DesignItemId=Header 2
Change Component Footprint: Designator=P2 Old Footprint=8P -HY-8AD New Footprint=2PIN-B2P_VH
Change Component Comment : Designator=P2 Old Comment=HY-8AD New Comment=VH Connector, B2P-VH
Change Component Designator: OldDesignator=C6 NewDesignator=C7
Change Component Designator: OldDesignator=C7 NewDesignator=C8
Change Component Designator: OldDesignator=C8 NewDesignator=C9
Change Component Designator: OldDesignator=C9 NewDesignator=C10
Change Component Designator: OldDesignator=C10 NewDesignator=C11
Change Component Designator: OldDesignator=C11 NewDesignator=C12
Change Component Designator: OldDesignator=C12 NewDesignator=C13
Change Component Designator: OldDesignator=C13 NewDesignator=C14
Change Component Designator: OldDesignator=C14 NewDesignator=C15
Change Component Designator: OldDesignator=C15 NewDesignator=C16
Change Component Designator: OldDesignator=C16 NewDesignator=C17
Change Component Designator: OldDesignator=C17 NewDesignator=C18
Change Component Designator: OldDesignator=C18 NewDesignator=C20
Change Component Designator: OldDesignator=C19 NewDesignator=C21
Change Component Designator: OldDesignator=C20 NewDesignator=C22
Change Component Designator: OldDesignator=C21 NewDesignator=C23
Change Component Designator: OldDesignator=C22 NewDesignator=C24
Change Component Designator: OldDesignator=C23 NewDesignator=C25
Change Component Designator: OldDesignator=C24 NewDesignator=C26
Change Component Designator: OldDesignator=C25 NewDesignator=C27
Change Component Designator: OldDesignator=C26 NewDesignator=C28
Change Component Designator: OldDesignator=C27 NewDesignator=C29
Change Component Designator: OldDesignator=C28 NewDesignator=C30
Change Component Designator: OldDesignator=C29 NewDesignator=C31
Change Component Designator: OldDesignator=C30 NewDesignator=C32
Change Component Designator: OldDesignator=C31 NewDesignator=C33
Change Component Designator: OldDesignator=C32 NewDesignator=C34
Change Component Designator: OldDesignator=C33 NewDesignator=C35
Change Component Designator: OldDesignator=C34 NewDesignator=C19
Change Component Designator: OldDesignator=C35 NewDesignator=C6
Change Component Designator: OldDesignator=P4 NewDesignator=P1
Change Component Designator: OldDesignator=T1 NewDesignator=T4
Change Component Designator: OldDesignator=T2 NewDesignator=T1
Change Component Designator: OldDesignator=T3 NewDesignator=T2
Change Component Designator: OldDesignator=T4 NewDesignator=T3
Added Component: Designator=P4(8P -HY-8AD)
Added Pin To Net: NetName=GND Pin=P2-1
Added Pin To Net: NetName=CS_P Pin=P2-2
Added Pin To Net: NetName=LP- Pin=P4-1
Added Pin To Net: NetName=TEC Pin=P4-2
Added Pin To Net: NetName=PWM Pin=P4-3
Added Pin To Net: NetName=SWCLK Pin=P4-4
Added Pin To Net: NetName=SWDIO Pin=P4-5
Added Pin To Net: NetName=485_N Pin=P4-6
Added Pin To Net: NetName=485_P Pin=P4-7
Added Pin To Net: NetName=3V3 Pin=P4-8
Change Net Name : Old Net Name=NetC9_1 New Net Name=NetC10_1
Change Net Name : Old Net Name=NetC10_1 New Net Name=NetC11_1
Change Net Name : Old Net Name=NetC23_2 New Net Name=NetC25_2
Added Member To Class: ClassName=3796 Member=Component C20 100uF/50V
Added Member To Class: ClassName=PWR Member=Component P4 HY-8AD
