Removed Pin From Net: NetName=LP- Pin=P1-1
Removed Pin From Net: NetName=NTC2- Pin=P1-2
Removed Pin From Net: NetName=NetP2_1 Pin=P2-1
Removed Pin From Net: NetName=NetP2_2 Pin=P2-2
Removed Pin From Net: NetName=NetP2_3 Pin=P2-3
Removed Pin From Net: NetName=NTC2- Pin=P4-1
Removed Pin From Net: NetName=NetD5_2 Pin=P4-2
Removed Pin From Net: NetName=NTC2- Pin=P5-1
Removed Pin From Net: NetName=LD+ Pin=P5-3
Removed Pin From Net: NetName=LD+ Pin=P5-4
Removed Pin From Net: NetName=NTC2- Pin=P5-5
Removed Pin From Net: NetName=NTC2+ Pin=P5-6
Removed Pin From Net: NetName=NTC1- Pin=P5-7
Removed Pin From Net: NetName=NTC1+ Pin=P5-8
Removed Member From Class: ClassName=MCU Member=P1
Removed Member From Class: ClassName=MCU Member=P2
Removed Member From Class: ClassName=MCU Member=P3
Removed Member From Class: ClassName=PWR Member=P5
Change Component DesignItemId : Designator=P4 Old DesignItemId=Header 2 New DesignItemId=Header 3
Change Component DesignItemId : Designator=P3 Old DesignItemId=Header 6 New DesignItemId=Header 8
Change Component DesignItemId : Designator=P5 Old DesignItemId=Header 8 New DesignItemId=Header 2
Change Component Footprint: Designator=P4 Old Footprint=2PIN-B2P_VH New Footprint=HDR1X3
Change Component Footprint: Designator=P5 Old Footprint=8P-TJC3B8AD New Footprint=HDR1X2
Change Component Footprint: Designator=P1 Old Footprint=HDR1X2 New Footprint=2PIN-B2P_VH
Change Component Footprint: Designator=P3 Old Footprint=HDR1X6 New Footprint=8P-TJC3B8AD
Change Component Comment : Designator=P1 Old Comment=Header 2 New Comment=VH Connector, B2P-VH
Change Component Comment : Designator=P3 Old Comment=Header 6 New Comment=TJC3B-8AD
Change Component Comment : Designator=P5 Old Comment=TJC3B-8AD New Comment=Header 2
Change Component Comment : Designator=P4 Old Comment=VH Connector, B2P-VH New Comment=Header 3
Change Component Designator: OldDesignator=P6 NewDesignator=P2
Added Pin To Net: NetName=NTC2- Pin=P1-1
Added Pin To Net: NetName=NetD5_2 Pin=P1-2
Added Pin To Net: NetName=NTC2- Pin=P3-1
Added Pin To Net: NetName=NTC2- Pin=P3-2
Added Pin To Net: NetName=LD+ Pin=P3-3
Added Pin To Net: NetName=LD+ Pin=P3-4
Added Pin To Net: NetName=NTC2- Pin=P3-5
Added Pin To Net: NetName=NTC2+ Pin=P3-6
Added Pin To Net: NetName=NTC1- Pin=P3-7
Added Pin To Net: NetName=NTC1+ Pin=P3-8
Added Pin To Net: NetName=NetP2_1 Pin=P4-1
Added Pin To Net: NetName=NetP2_2 Pin=P4-2
Added Pin To Net: NetName=NetP2_3 Pin=P4-3
Added Pin To Net: NetName=LP- Pin=P5-1
Change Net Name : Old Net Name=NetP2_1 New Net Name=NetP4_1
Change Net Name : Old Net Name=NetP2_2 New Net Name=NetP4_2
Change Net Name : Old Net Name=NetP2_3 New Net Name=NetP4_3
Added Member To Class: ClassName=PWR Member=Component P1 VH Connector, B2P-VH
Added Member To Class: ClassName=MCU Member=Component P4 Header 3
Added Member To Class: ClassName=MCU Member=Component P5 Header 2
