Removed Pin From Net: NetName=NetP1_1 Pin=P1-1
Removed Pin From Net: NetName=485A Pin=P2-1
Removed Pin From Net: NetName=485B Pin=P2-2
Removed Pin From Net: NetName=NTC+ Pin=P3-1
Removed Pin From Net: NetName=NTC- Pin=P3-2
Removed Pin From Net: NetName=GND Pin=P3-3
Removed Pin From Net: NetName=GND Pin=P3-4
Removed Pin From Net: NetName=LD+ Pin=P3-5
Removed Pin From Net: NetName=LD+ Pin=P3-6
Removed Pin From Net: NetName=NTC- Pin=P4-1
Removed Pin From Net: NetName=SWCLK Pin=P4-2
Removed Pin From Net: NetName=SWDAT Pin=P4-3
Removed Pin From Net: NetName=3V3 Pin=P4-4
Removed Pin From Net: NetName=VIN_24V Pin=R25-1
Removed Pin From Net: NetName=NetP1_1 Pin=R25-2
Removed Member From Class: ClassName=PWR Member=P2
Removed Member From Class: ClassName=PWR Member=P3
Removed Member From Class: ClassName=PWR Member=P4
Removed Member From Class: ClassName=PWR Member=R25
Change Component Footprint: Designator=D6 Old Footprint=MIL-STD-202 New Footprint=SMA_DIOM5226X26N
Change Component Comment : Designator=P1 Old Comment=Header 2 New Comment=VH Connector, B2P-VH
Change Component Comment : Designator=D6 Old Comment=Zener MMSD4148 New Comment=SMAJ26CA
Change Component Designator: OldDesignator=D6 NewDesignator=D1
Added Component: Designator=C25(1608[0603])
Added Component: Designator=F1(1206[3216] - NP)
Added Component: Designator=P?(HDR1X8)
Added Component: Designator=P?(HDR1X8)
Added Component: Designator=R24(1608[0603])
Added Component: Designator=Y?(R38)
Added Pin To Net: NetName=3V3 Pin=C25-1
Added Pin To Net: NetName=NTC+ Pin=C25-2
Added Pin To Net: NetName=VIN_24V Pin=F1-2
Added Pin To Net: NetName=3V3 Pin=P?-1
Added Pin To Net: NetName=NetP1_1 Pin=P?-1
Added Pin To Net: NetName=485A Pin=P?-2
Added Pin To Net: NetName=485B Pin=P?-3
Added Pin To Net: NetName=NTC- Pin=P?-4
Added Pin To Net: NetName=GND Pin=P?-5
Added Pin To Net: NetName=SWCLK Pin=P?-5
Added Pin To Net: NetName=GND Pin=P?-6
Added Pin To Net: NetName=SWDAT Pin=P?-6
Added Pin To Net: NetName=LD+ Pin=P?-7
Added Pin To Net: NetName=GND Pin=P?-8
Added Pin To Net: NetName=LD+ Pin=P?-8
Added Pin To Net: NetName=3V3 Pin=R24-1
Added Pin To Net: NetName=NTC+ Pin=R24-2
Change Net Name : Old Net Name=NetP1_1 New Net Name=NTC2+
Added Pin To Net: NetName=NetF1_1 Pin=F1-1
Added Pin To Net: NetName=NetF1_1 Pin=P1-1
Added Net: Name=NetF1_1
Added Pin To Net: NetName=NTC1+ Pin=P?-3
Added Net: Name=NTC1+
Added Pin To Net: NetName=NTC1- Pin=P?-4
Added Net: Name=NTC1-
Added Pin To Net: NetName=NTC2- Pin=P?-2
Added Net: Name=NTC2-
Added Pin To Net: NetName=TEC Pin=P?-7
Added Net: Name=TEC
Added Member To Class: ClassName=PWR Member=Component F1 LittleFuse 0466005
Added Member To Class: ClassName=PWR Member=Component P? Header 8
Added Member To Class: ClassName=MCU Member=Component Y? XTAL
