Added Component: Designator=C1(1206[3216] - NP)
Added Component: Designator=C2(1206[3216] - NP)
Added Component: Designator=C3(1206[3216] - NP)
Added Component: Designator=C4(SMC_Altium Capacity 8*10)
Added Component: Designator=C5(1206[3216] - NP)
Added Component: Designator=C6(1608[0603])
Added Component: Designator=C7(1608[0603])
Added Component: Designator=C8(1608[0603])
Added Component: Designator=C9(1206[3216] - NP)
Added Component: Designator=C10(1206[3216] - NP)
Added Component: Designator=C11(7343)
Added Component: Designator=C12(SMC_Altium Capacity 8*10)
Added Component: Designator=C13(1206[3216] - NP)
Added Component: Designator=C14(1608[0603])
Added Component: Designator=C15(1608[0603])
Added Component: Designator=C16(1608[0603])
Added Component: Designator=C17(1608[0603])
Added Component: Designator=C18(1608[0603])
Added Component: Designator=C19(1608[0603])
Added Component: Designator=C20(1608[0603])
Added Component: Designator=C21(1206[3216] - NP)
Added Component: Designator=C22(1206[3216] - NP)
Added Component: Designator=C23(1608[0603])
Added Component: Designator=C24(1608[0603])
Added Component: Designator=C25(1608[0603])
Added Component: Designator=C26(1608[0603])
Added Component: Designator=C27(1608[0603])
Added Component: Designator=C28(1608[0603])
Added Component: Designator=C29(1608[0603])
Added Component: Designator=C30(1608[0603])
Added Component: Designator=C31(1608[0603])
Added Component: Designator=C32(1608[0603])
Added Component: Designator=C33(1608[0603])
Added Component: Designator=C34(1608[0603])
Added Component: Designator=C35(1608[0603])
Added Component: Designator=C36(1608[0603])
Added Component: Designator=C37(1608[0603])
Added Component: Designator=D1(SMA)
Added Component: Designator=D2(2012[0805] - LED)
Added Component: Designator=D3(SMA_DIOM5226X26N)
Added Component: Designator=D4(SMA_DIOM5226X26N)
Added Component: Designator=D5(2012[0805] - LED)
Added Component: Designator=L1(IHLP4040)
Added Component: Designator=P1(HDR1X4)
Added Component: Designator=P2(2PIN-B2P_VH)
Added Component: Designator=P3(8P -HY-8AD)
Added Component: Designator=P4(6PIN-B6P_VH)
Added Component: Designator=Q1(LFPAK)
Added Component: Designator=Q2(LFPAK)
Added Component: Designator=Q3(LFPAK)
Added Component: Designator=R1(2512[6432])
Added Component: Designator=R2(1608[0603])
Added Component: Designator=R3(1608[0603])
Added Component: Designator=R4(1608[0603])
Added Component: Designator=R5(1608[0603])
Added Component: Designator=R6(2512[6432])
Added Component: Designator=R7(2512[6432])
Added Component: Designator=R8(1608[0603])
Added Component: Designator=R9(1608[0603])
Added Component: Designator=R10(RES-adj)
Added Component: Designator=R11(1608[0603])
Added Component: Designator=R12(1608[0603])
Added Component: Designator=R13(1608[0603])
Added Component: Designator=R14(1608[0603])
Added Component: Designator=R15(1608[0603])
Added Component: Designator=R16(1608[0603])
Added Component: Designator=R17(1608[0603])
Added Component: Designator=R18(1608[0603])
Added Component: Designator=R19(1608[0603])
Added Component: Designator=R20(1608[0603])
Added Component: Designator=R21(1608[0603])
Added Component: Designator=R22(1608[0603])
Added Component: Designator=R23(1608[0603])
Added Component: Designator=R24(1608[0603])
Added Component: Designator=R25(1608[0603])
Added Component: Designator=R26(1608[0603])
Added Component: Designator=R27(1608[0603])
Added Component: Designator=R28(1608[0603])
Added Component: Designator=R29(1608[0603])
Added Component: Designator=R30(2012[0805])
Added Component: Designator=R31(1608[0603])
Added Component: Designator=R32(1608[0603])
Added Component: Designator=R33(1608[0603])
Added Component: Designator=R34(1608[0603])
Added Component: Designator=U1(TSOP65P640X120_HS-29N)
Added Component: Designator=U2(SOT95P280X145-6N)
Added Component: Designator=U3(TQFP80P900X900X160-32N)
Added Component: Designator=U4(SOIC127P600-8N)
Added Component: Designator=U5(SOT89-150P410X160-3N)
Added Component: Designator=U6(SOT89-150P410X160-3N)
Added Component: Designator=Y1(XTAL_SMT)
Added Pin To Net: NetName=GND Pin=C1-1
Added Pin To Net: NetName=NetC24_2 Pin=C1-2
Added Pin To Net: NetName=GND Pin=C2-1
Added Pin To Net: NetName=NetC24_2 Pin=C3-1
Added Pin To Net: NetName=GND Pin=C3-2
Added Pin To Net: NetName=GND Pin=C4-2
Added Pin To Net: NetName=GND Pin=C5-1
Added Pin To Net: NetName=NetD1_1 Pin=C6-1
Added Pin To Net: NetName=NetD4_1 Pin=C6-2
Added Pin To Net: NetName=NetD6_1 Pin=C7-1
Added Pin To Net: NetName=NetL1_1 Pin=C7-2
Added Pin To Net: NetName=GND Pin=C8-1
Added Pin To Net: NetName=VREF Pin=C8-2
Added Pin To Net: NetName=GND Pin=C9-1
Added Pin To Net: NetName=LD+ Pin=C9-2
Added Pin To Net: NetName=GND Pin=C10-1
Added Pin To Net: NetName=LD+ Pin=C10-2
Added Pin To Net: NetName=LD+ Pin=C11-1
Added Pin To Net: NetName=GND Pin=C11-2
Added Pin To Net: NetName=LD+ Pin=C12-1
Added Pin To Net: NetName=GND Pin=C12-2
Added Pin To Net: NetName=GND Pin=C13-1
Added Pin To Net: NetName=LD+ Pin=C13-2
Added Pin To Net: NetName=GND Pin=C14-1
Added Pin To Net: NetName=NetQ1_2 Pin=C15-1
Added Pin To Net: NetName=NetQ1_3 Pin=C15-2
Added Pin To Net: NetName=GND Pin=C16-1
Added Pin To Net: NetName=GND Pin=C17-1
Added Pin To Net: NetName=ISMON Pin=C17-2
Added Pin To Net: NetName=GND Pin=C18-1
Added Pin To Net: NetName=NetQ2_1 Pin=C18-2
Added Pin To Net: NetName=F\A\U\L\T\ Pin=C19-1
Added Pin To Net: NetName=NetC23_1 Pin=C19-2
Added Pin To Net: NetName=GND Pin=C20-1
Added Pin To Net: NetName=NetR11_2 Pin=C20-2
Added Pin To Net: NetName=LD+ Pin=C21-2
Added Pin To Net: NetName=LD+ Pin=C22-2
Added Pin To Net: NetName=NetC22_1 Pin=C23-1
Added Pin To Net: NetName=GND Pin=C23-2
Added Pin To Net: NetName=LP- Pin=C24-1
Added Pin To Net: NetName=3V3 Pin=C24-2
Added Pin To Net: NetName=CTRL Pin=C25-1
Added Pin To Net: NetName=LP- Pin=C25-2
Added Pin To Net: NetName=INTVCC Pin=C26-1
Added Pin To Net: NetName=LP- Pin=C26-2
Added Pin To Net: NetName=LP- Pin=C27-1
Added Pin To Net: NetName=NetC9_1 Pin=C27-2
Added Pin To Net: NetName=3V3 Pin=C28-1
Added Pin To Net: NetName=LP- Pin=C28-2
Added Pin To Net: NetName=LP- Pin=C29-1
Added Pin To Net: NetName=3V3 Pin=C29-2
Added Pin To Net: NetName=3V3 Pin=C30-1
Added Pin To Net: NetName=NTC1+ Pin=C30-2
Added Pin To Net: NetName=3V3 Pin=C31-1
Added Pin To Net: NetName=LP+ Pin=C31-2
Added Pin To Net: NetName=LP- Pin=C32-1
Added Pin To Net: NetName=VIN_24V Pin=C32-2
Added Pin To Net: NetName=LP- Pin=C33-1
Added Pin To Net: NetName=VIN_24V Pin=C33-2
Added Pin To Net: NetName=LP- Pin=C34-1
Added Pin To Net: NetName=5V Pin=C34-2
Added Pin To Net: NetName=LP- Pin=C35-1
Added Pin To Net: NetName=5V Pin=C35-2
Added Pin To Net: NetName=LP- Pin=C36-1
Added Pin To Net: NetName=3V3 Pin=C36-2
Added Pin To Net: NetName=LP- Pin=C37-1
Added Pin To Net: NetName=3V3 Pin=C37-2
Added Pin To Net: NetName=NetL1_1 Pin=D1-2
Added Pin To Net: NetName=NetD2_1 Pin=D2-1
Added Pin To Net: NetName=F\A\U\L\T\ Pin=D2-2
Added Pin To Net: NetName=LD+ Pin=D3-2
Added Pin To Net: NetName=GND Pin=D4-1
Added Pin To Net: NetName=NetC22_1 Pin=D4-2
Added Pin To Net: NetName=CSOUT Pin=D5-1
Added Pin To Net: NetName=STATUS Pin=D5-2
Added Pin To Net: NetName=NetD6_1 Pin=L1-1
Added Pin To Net: NetName=NetR16_1 Pin=L1-2
Added Pin To Net: NetName=TP2 Pin=P1-1
Added Pin To Net: NetName=TP1 Pin=P1-2
Added Pin To Net: NetName=LP+ Pin=P1-3
Added Pin To Net: NetName=LP- Pin=P1-4
Added Pin To Net: NetName=GND Pin=P2-1
Added Pin To Net: NetName=NetC22_1 Pin=P2-2
Added Pin To Net: NetName=LP- Pin=P3-1
Added Pin To Net: NetName=TEC Pin=P3-2
Added Pin To Net: NetName=PWM Pin=P3-3
Added Pin To Net: NetName=SWCLK Pin=P3-4
Added Pin To Net: NetName=SWDIO Pin=P3-5
Added Pin To Net: NetName=485A Pin=P3-6
Added Pin To Net: NetName=485B Pin=P3-7
Added Pin To Net: NetName=3V3 Pin=P3-8
Added Pin To Net: NetName=LD+ Pin=P4-3
Added Pin To Net: NetName=LD+ Pin=P4-4
Added Pin To Net: NetName=LP- Pin=P4-5
Added Pin To Net: NetName=NTC1+ Pin=P4-6
Added Pin To Net: NetName=NetD6_1 Pin=Q1-1
Added Pin To Net: NetName=NetD6_1 Pin=Q1-2
Added Pin To Net: NetName=NetD6_1 Pin=Q1-3
Added Pin To Net: NetName=NetR18_1 Pin=Q1-4
Added Pin To Net: NetName=NetC24_2 Pin=Q1-5
Added Pin To Net: NetName=GND Pin=Q2-1
Added Pin To Net: NetName=GND Pin=Q2-2
Added Pin To Net: NetName=GND Pin=Q2-3
Added Pin To Net: NetName=NetQ2_4 Pin=Q2-4
Added Pin To Net: NetName=NetD6_1 Pin=Q2-5
Added Pin To Net: NetName=GND Pin=Q3-1
Added Pin To Net: NetName=GND Pin=Q3-2
Added Pin To Net: NetName=GND Pin=Q3-3
Added Pin To Net: NetName=NetR24_2 Pin=Q3-4
Added Pin To Net: NetName=NetC24_2 Pin=R1-2
Added Pin To Net: NetName=EN/UVLO Pin=R2-1
Added Pin To Net: NetName=NetD4_1 Pin=R3-1
Added Pin To Net: NetName=NetD1_1 Pin=R4-1
Added Pin To Net: NetName=NetC24_2 Pin=R4-2
Added Pin To Net: NetName=GND Pin=R5-1
Added Pin To Net: NetName=EN/UVLO Pin=R5-2
Added Pin To Net: NetName=NetR16_1 Pin=R6-1
Added Pin To Net: NetName=NetR25_2 Pin=R6-2
Added Pin To Net: NetName=LD+ Pin=R7-1
Added Pin To Net: NetName=NetR25_2 Pin=R7-2
Added Pin To Net: NetName=VREF Pin=R8-1
Added Pin To Net: NetName=GND Pin=R9-1
Added Pin To Net: NetName=LD+ Pin=R9-2
Added Pin To Net: NetName=GND Pin=R10-1
Added Pin To Net: NetName=NetQ1_2 Pin=R11-1
Added Pin To Net: NetName=NetR16_1 Pin=R11-2
Added Pin To Net: NetName=NetQ1_3 Pin=R12-1
Added Pin To Net: NetName=LD+ Pin=R12-2
Added Pin To Net: NetName=NetR13_1 Pin=R13-1
Added Pin To Net: NetName=NetR14_1 Pin=R14-1
Added Pin To Net: NetName=ISMON Pin=R14-2
Added Pin To Net: NetName=LD+ Pin=R15-1
Added Pin To Net: NetName=NTC2+ Pin=R15-2
Added Pin To Net: NetName=PWM Pin=R16-1
Added Pin To Net: NetName=VREF Pin=R16-2
Added Pin To Net: NetName=NTC2+ Pin=R17-1
Added Pin To Net: NetName=GND Pin=R17-2
Added Pin To Net: NetName=NetC23_1 Pin=R18-1
Added Pin To Net: NetName=NetD2_1 Pin=R18-2
Added Pin To Net: NetName=V\M\O\D\E\ Pin=R19-1
Added Pin To Net: NetName=GND Pin=R19-2
Added Pin To Net: NetName=NetR11_2 Pin=R20-2
Added Pin To Net: NetName=F\A\U\L\T\ Pin=R21-1
Added Pin To Net: NetName=GND Pin=R21-2
Added Pin To Net: NetName=CTRL Pin=R22-1
Added Pin To Net: NetName=NetC10_1 Pin=R22-2
Added Pin To Net: NetName=INTVCC Pin=R23-1
Added Pin To Net: NetName=NetC14_2 Pin=R23-2
Added Pin To Net: NetName=NetC9_1 Pin=R24-1
Added Pin To Net: NetName=3V3 Pin=R24-2
Added Pin To Net: NetName=485B Pin=R25-1
Added Pin To Net: NetName=3V3 Pin=R25-2
Added Pin To Net: NetName=485A Pin=R26-1
Added Pin To Net: NetName=485B Pin=R26-2
Added Pin To Net: NetName=3V3 Pin=R27-1
Added Pin To Net: NetName=NTC1+ Pin=R27-2
Added Pin To Net: NetName=LP- Pin=R28-1
Added Pin To Net: NetName=485A Pin=R28-2
Added Pin To Net: NetName=3V3 Pin=R29-1
Added Pin To Net: NetName=LP+ Pin=R29-2
Added Pin To Net: NetName=LP- Pin=R30-1
Added Pin To Net: NetName=GND Pin=R30-2
Added Pin To Net: NetName=UNDERVOLTAGEPROTECT Pin=R31-1
Added Pin To Net: NetName=NetC22_1 Pin=R31-2
Added Pin To Net: NetName=GND Pin=R32-1
Added Pin To Net: NetName=UNDERVOLTAGEPROTECT Pin=R32-2
Added Pin To Net: NetName=CSOUT Pin=R33-1
Added Pin To Net: NetName=3V3 Pin=R33-2
Added Pin To Net: NetName=STATUS Pin=R34-1
Added Pin To Net: NetName=LP- Pin=R34-2
Added Pin To Net: NetName=NetQ2_4 Pin=U1-1
Added Pin To Net: NetName=NetC24_2 Pin=U1-3
Added Pin To Net: NetName=EN/UVLO Pin=U1-4
Added Pin To Net: NetName=VREF Pin=U1-5
Added Pin To Net: NetName=NetD1_1 Pin=U1-6
Added Pin To Net: NetName=NetD4_1 Pin=U1-7
Added Pin To Net: NetName=NetR13_1 Pin=U1-8
Added Pin To Net: NetName=F\A\U\L\T\ Pin=U1-9
Added Pin To Net: NetName=VREF Pin=U1-10
Added Pin To Net: NetName=NTC2+ Pin=U1-11
Added Pin To Net: NetName=GND Pin=U1-12
Added Pin To Net: NetName=VREF Pin=U1-13
Added Pin To Net: NetName=NetQ2_1 Pin=U1-15
Added Pin To Net: NetName=NetQ1_3 Pin=U1-16
Added Pin To Net: NetName=NetQ1_2 Pin=U1-17
Added Pin To Net: NetName=NetR14_1 Pin=U1-19
Added Pin To Net: NetName=V\M\O\D\E\ Pin=U1-20
Added Pin To Net: NetName=GND Pin=U1-21
Added Pin To Net: NetName=PWM Pin=U1-22
Added Pin To Net: NetName=GND Pin=U1-23
Added Pin To Net: NetName=NetR24_2 Pin=U1-24
Added Pin To Net: NetName=NetR18_1 Pin=U1-25
Added Pin To Net: NetName=NetD6_1 Pin=U1-26
Added Pin To Net: NetName=NetL1_1 Pin=U1-27
Added Pin To Net: NetName=GND Pin=U1-28
Added Pin To Net: NetName=GND Pin=U1-29
Added Pin To Net: NetName=LD+ Pin=U2-1
Added Pin To Net: NetName=GND Pin=U2-2
Added Pin To Net: NetName=GND Pin=U2-4
Added Pin To Net: NetName=NetC22_1 Pin=U2-5
Added Pin To Net: NetName=3V3 Pin=U3-1
Added Pin To Net: NetName=NetC10_1 Pin=U3-2
Added Pin To Net: NetName=NetC14_2 Pin=U3-3
Added Pin To Net: NetName=NetC9_1 Pin=U3-4
Added Pin To Net: NetName=3V3 Pin=U3-5
Added Pin To Net: NetName=LP+ Pin=U3-6
Added Pin To Net: NetName=UNDERVOLTAGEPROTECT Pin=U3-7
Added Pin To Net: NetName=NTC1+ Pin=U3-8
Added Pin To Net: NetName=ISMON Pin=U3-11
Added Pin To Net: NetName=F\A\U\L\T\ Pin=U3-12
Added Pin To Net: NetName=EN/UVLO Pin=U3-14
Added Pin To Net: NetName=LP- Pin=U3-16
Added Pin To Net: NetName=3V3 Pin=U3-17
Added Pin To Net: NetName=TXD Pin=U3-19
Added Pin To Net: NetName=RXD Pin=U3-20
Added Pin To Net: NetName=485DIR Pin=U3-21
Added Pin To Net: NetName=SWDIO Pin=U3-23
Added Pin To Net: NetName=SWCLK Pin=U3-24
Added Pin To Net: NetName=TP2 Pin=U3-25
Added Pin To Net: NetName=TP1 Pin=U3-26
Added Pin To Net: NetName=PWM Pin=U3-28
Added Pin To Net: NetName=TEC Pin=U3-30
Added Pin To Net: NetName=LP- Pin=U3-31
Added Pin To Net: NetName=LP- Pin=U3-32
Added Pin To Net: NetName=RXD Pin=U4-1
Added Pin To Net: NetName=485DIR Pin=U4-2
Added Pin To Net: NetName=485DIR Pin=U4-3
Added Pin To Net: NetName=TXD Pin=U4-4
Added Pin To Net: NetName=LP- Pin=U4-5
Added Pin To Net: NetName=485A Pin=U4-6
Added Pin To Net: NetName=485B Pin=U4-7
Added Pin To Net: NetName=3V3 Pin=U4-8
Added Pin To Net: NetName=5V Pin=U5-1
Added Pin To Net: NetName=LP- Pin=U5-2
Added Pin To Net: NetName=VIN_24V Pin=U5-3
Added Pin To Net: NetName=LP- Pin=U6-1
Added Pin To Net: NetName=3V3 Pin=U6-2
Added Pin To Net: NetName=5V Pin=U6-3
Added Pin To Net: NetName=INTVCC Pin=Y1-1
Added Pin To Net: NetName=CTRL Pin=Y1-2
Change Net Name : Old Net Name=CSOUT New Net Name=NetD5_1
Change Net Name : Old Net Name=CTRL New Net Name=NetC25_1
Change Net Name : Old Net Name=INTVCC New Net Name=NetC26_1
Change Net Name : Old Net Name=NetC9_1 New Net Name=NetC27_2
Change Net Name : Old Net Name=NetC10_1 New Net Name=NetR22_2
Change Net Name : Old Net Name=NetC14_2 New Net Name=NetR23_2
Change Net Name : Old Net Name=NetC22_1 New Net Name=VIN_12V
Change Net Name : Old Net Name=NetC23_1 New Net Name=VCC
Change Net Name : Old Net Name=NetC24_2 New Net Name=NetC1_2
Change Net Name : Old Net Name=NetD1_1 New Net Name=NetC6_1
Change Net Name : Old Net Name=NetD4_1 New Net Name=NetC6_2
Change Net Name : Old Net Name=NetD6_1 New Net Name=NetC7_1
Change Net Name : Old Net Name=NetL1_1 New Net Name=NetC7_2
Change Net Name : Old Net Name=NetQ1_2 New Net Name=NetC15_1
Change Net Name : Old Net Name=NetQ1_3 New Net Name=NetC15_2
Change Net Name : Old Net Name=NetQ2_1 New Net Name=NetC18_2
Change Net Name : Old Net Name=NetR11_2 New Net Name=NetC20_2
Change Net Name : Old Net Name=NetR16_1 New Net Name=NetL1_2
Change Net Name : Old Net Name=NetR18_1 New Net Name=NetQ1_4
Change Net Name : Old Net Name=NetR24_2 New Net Name=NetQ3_4
Change Net Name : Old Net Name=NetR25_2 New Net Name=NetR6_2
Change Net Name : Old Net Name=NTC2+ New Net Name=NetR15_2
Change Net Name : Old Net Name=V\M\O\D\E\ New Net Name=NetR19_1
Added Pin To Net: NetName=12V_IN Pin=C2-2
Added Pin To Net: NetName=12V_IN Pin=C4-1
Added Pin To Net: NetName=12V_IN Pin=C5-2
Added Pin To Net: NetName=12V_IN Pin=R1-1
Added Pin To Net: NetName=12V_IN Pin=R2-2
Added Pin To Net: NetName=12V_IN Pin=R3-2
Added Net: Name=12V_IN
Added Pin To Net: NetName=CTRL1 Pin=R8-2
Added Pin To Net: NetName=CTRL1 Pin=R10-2
Added Pin To Net: NetName=CTRL1 Pin=U1-14
Added Pin To Net: NetName=CTRL1 Pin=U3-10
Added Net: Name=CTRL1
Added Pin To Net: NetName=INVTCC Pin=C14-2
Added Pin To Net: NetName=INVTCC Pin=D1-1
Added Pin To Net: NetName=INVTCC Pin=U1-2
Added Net: Name=INVTCC
Added Pin To Net: NetName=IVINMON Pin=C16-2
Added Pin To Net: NetName=IVINMON Pin=R13-2
Added Pin To Net: NetName=IVINMON Pin=U3-15
Added Net: Name=IVINMON
Added Pin To Net: NetName=LD- Pin=C21-1
Added Pin To Net: NetName=LD- Pin=C22-1
Added Pin To Net: NetName=LD- Pin=D3-1
Added Pin To Net: NetName=LD- Pin=P4-1
Added Pin To Net: NetName=LD- Pin=P4-2
Added Pin To Net: NetName=LD- Pin=Q3-5
Added Net: Name=LD-
Added Pin To Net: NetName=NetR20_1 Pin=R20-1
Added Pin To Net: NetName=NetR20_1 Pin=U1-18
Added Net: Name=NetR20_1
Change Class Name : Old Net Name=3796 New Net Name=3763
Added Member To Class: ClassName=3763 Member=Component C1 Ceramic Cap
Added Member To Class: ClassName=3763 Member=Component C2 Ceramic Cap
Added Member To Class: ClassName=3763 Member=Component C3 Ceramic Cap
Added Member To Class: ClassName=3763 Member=Component C4 Altium Electrolytic Cap
Added Member To Class: ClassName=3763 Member=Component C5 Ceramic Cap
Added Member To Class: ClassName=3763 Member=Component C6 Ceramic Cap,1uF,0805
Added Member To Class: ClassName=3763 Member=Component C7 Ceramic Cap,220nF,0805
Added Member To Class: ClassName=3763 Member=Component C8 Ceramic Cap,2.2uF,0805
Added Member To Class: ClassName=3763 Member=Component C9 Ceramic Cap,22uF/50V,1206
Added Member To Class: ClassName=3763 Member=Component C10 Ceramic Cap,22uF/50V,1206
Added Member To Class: ClassName=3763 Member=Component C11 Altium Electrolytic Cap
Added Member To Class: ClassName=3763 Member=Component C12 Altium Electrolytic Cap
Added Member To Class: ClassName=3763 Member=Component C13 Ceramic Cap,22uF/50V,1206
Added Member To Class: ClassName=3763 Member=Component C14 Ceramic Cap,4.7uF,0805
Added Member To Class: ClassName=3763 Member=Component C15 Ceramic Cap,33nF,0805
Added Member To Class: ClassName=3763 Member=Component C16 Ceramic Cap,1nF,0805
Added Member To Class: ClassName=3763 Member=Component C17 Ceramic Cap,1nF,0805
Added Member To Class: ClassName=3763 Member=Component C18 Ceramic Cap,50nF,0805
Added Member To Class: ClassName=3763 Member=Component C19 Cap,0.1uF/0805
Added Member To Class: ClassName=3763 Member=Component C20 Ceramic Cap,4.7nF,0805
Added Member To Class: ClassName=3763 Member=Component C21 Ceramic Cap
Added Member To Class: ClassName=3763 Member=Component C22 Ceramic Cap
Added Member To Class: ClassName=3763 Member=Component C23 Ceramic Cap
Added Member To Class: ClassName=MCU Member=Component C24 Ceramic Cap
Added Member To Class: ClassName=MCU Member=Component C25 Ceramic Cap
Added Member To Class: ClassName=MCU Member=Component C26 Ceramic Cap
Added Member To Class: ClassName=MCU Member=Component C27 Ceramic Cap
Added Member To Class: ClassName=MCU Member=Component C28 Ceramic Cap
Added Member To Class: ClassName=MCU Member=Component C29 Ceramic Cap
Added Member To Class: ClassName=MCU Member=Component C30 Ceramic Cap
Added Member To Class: ClassName=MCU Member=Component C31 Ceramic Cap
Added Member To Class: ClassName=PWR Member=Component C32 Ceramic Cap
Added Member To Class: ClassName=PWR Member=Component C33 Ceramic Cap
Added Member To Class: ClassName=PWR Member=Component C34 Ceramic Cap
Added Member To Class: ClassName=PWR Member=Component C35 Ceramic Cap
Added Member To Class: ClassName=PWR Member=Component C36 Ceramic Cap
Added Member To Class: ClassName=PWR Member=Component C37 Ceramic Cap
Added Member To Class: ClassName=3763 Member=Component D1 Diode 1N5819
Added Member To Class: ClassName=3763 Member=Component D2 LED
Added Member To Class: ClassName=3763 Member=Component D3 SMAJ5CA
Added Member To Class: ClassName=PWR Member=Component D4 SMAJ11CA
Added Member To Class: ClassName=PWR Member=Component D5 LED_RED
Added Member To Class: ClassName=3763 Member=Component L1 Inductor,2.7uH
Added Member To Class: ClassName=MCU Member=Component P1 Header 4
Added Member To Class: ClassName=PWR Member=Component P2 VH Connector, B2P-VH
Added Member To Class: ClassName=PWR Member=Component P3 HY-8AD
Added Member To Class: ClassName=PWR Member=Component P4 VH Connector, B6P-VH
Added Member To Class: ClassName=3763 Member=Component Q1 PWR_RJK030
Added Member To Class: ClassName=3763 Member=Component Q2 PWR_RJK030
Added Member To Class: ClassName=3763 Member=Component Q3 PWR_RJK030
Added Member To Class: ClassName=3763 Member=Component R1 Res
Added Member To Class: ClassName=3763 Member=Component R2 Res
Added Member To Class: ClassName=3763 Member=Component R3 Res,1K/0805
Added Member To Class: ClassName=3763 Member=Component R4 Res,1K/0805
Added Member To Class: ClassName=3763 Member=Component R5 Res,15.4K/0805
Added Member To Class: ClassName=3763 Member=Component R6 Re
Added Member To Class: ClassName=3763 Member=Component R7 Re
Added Member To Class: ClassName=3763 Member=Component R8 Res
Added Member To Class: ClassName=3763 Member=Component R9 Res
Added Member To Class: ClassName=3763 Member=Component R10 Res Adj1
Added Member To Class: ClassName=3763 Member=Component R11 Res,10/0805
Added Member To Class: ClassName=3763 Member=Component R12 Res,10/0805
Added Member To Class: ClassName=3763 Member=Component R13 Res,50/0805
Added Member To Class: ClassName=3763 Member=Component R14 Res,50/0805
Added Member To Class: ClassName=3763 Member=Component R15 Res,31.5K/0805
Added Member To Class: ClassName=3763 Member=Component R16 Res,0/0805
Added Member To Class: ClassName=3763 Member=Component R17 Res,10K/0805
Added Member To Class: ClassName=3763 Member=Component R18 Res
Added Member To Class: ClassName=3763 Member=Component R19 Res,82.5K/0805
Added Member To Class: ClassName=3763 Member=Component R20 Res,47.5K/0805
Added Member To Class: ClassName=3763 Member=Component R21 Res
Added Member To Class: ClassName=MCU Member=Component R22 Res
Added Member To Class: ClassName=MCU Member=Component R23 Res
Added Member To Class: ClassName=MCU Member=Component R24 Res
Added Member To Class: ClassName=MCU Member=Component R25 Res
Added Member To Class: ClassName=MCU Member=Component R26 Res
Added Member To Class: ClassName=MCU Member=Component R27 Res
Added Member To Class: ClassName=MCU Member=Component R28 Res
Added Member To Class: ClassName=MCU Member=Component R29 Res
Added Member To Class: ClassName=PWR Member=Component R30 Res
Added Member To Class: ClassName=PWR Member=Component R31 Res
Added Member To Class: ClassName=PWR Member=Component R32 Res
Added Member To Class: ClassName=PWR Member=Component R33 Res
Added Member To Class: ClassName=PWR Member=Component R34 Res
Added Member To Class: ClassName=3763 Member=Component U1 LT3763
Added Member To Class: ClassName=3763 Member=Component U2 MAX3207E
Added Member To Class: ClassName=MCU Member=Component U3 STM32F051K8T6
Added Member To Class: ClassName=MCU Member=Component U4 SP3485EN
Added Member To Class: ClassName=PWR Member=Component U5 L78L05
Added Member To Class: ClassName=PWR Member=Component U6 AMS1117-3.3V
Added Member To Class: ClassName=MCU Member=Component Y1 XTAL
