Removed Pin From Net: NetName=VIN_12V Pin=P2-2
Added Component: Designator=C1(1206[3216] - NP)
Added Component: Designator=C2(SMC_Altium Capacity 8*10)
Added Component: Designator=C3(1206[3216] - NP)
Added Component: Designator=C4(1206[3216] - NP)
Added Component: Designator=C5(1206[3216] - NP)
Added Component: Designator=C6(1608[0603])
Added Component: Designator=C7(1608[0603])
Added Component: Designator=C8(1608[0603])
Added Component: Designator=C9(1206[3216] - NP)
Added Component: Designator=C10(1206[3216] - NP)
Added Component: Designator=C11(1206[3216] - NP)
Added Component: Designator=C12(7343)
Added Component: Designator=C13(SMC_Altium Capacity 8*10)
Added Component: Designator=C14(1608[0603])
Added Component: Designator=C15(1608[0603])
Added Component: Designator=C16(1608[0603])
Added Component: Designator=C17(1608[0603])
Added Component: Designator=C18(1206[3216] - NP)
Added Component: Designator=C19(2012[0805])
Added Component: Designator=C20(1608[0603])
Added Component: Designator=C21(1608[0603])
Added Component: Designator=C22(1608[0603])
Added Component: Designator=C23(1608[0603])
Added Component: Designator=C24(1608[0603])
Added Component: Designator=C25(1608[0603])
Added Component: Designator=C26(1608[0603])
Added Component: Designator=C27(1608[0603])
Added Component: Designator=C28(1608[0603])
Added Component: Designator=C29(1608[0603])
Added Component: Designator=C30(1608[0603])
Added Component: Designator=C31(1608[0603])
Added Component: Designator=C32(1608[0603])
Added Component: Designator=C33(1608[0603])
Added Component: Designator=C34(1608[0603])
Added Component: Designator=C35(1608[0603])
Added Component: Designator=C36(1608[0603])
Added Component: Designator=D1(SMA)
Added Component: Designator=D2(SMA_DIOM5226X26N)
Added Component: Designator=D3(2012[0805] - LED)
Added Component: Designator=D4(SMA_DIOM5226X26N)
Added Component: Designator=D5(2012[0805] - LED)
Added Component: Designator=L1(IHLP4040)
Added Component: Designator=P1(HDR1X4)
Added Component: Designator=Q1(LFPAK)
Added Component: Designator=Q2(LFPAK)
Added Component: Designator=Q3(LFPAK)
Added Component: Designator=R1(2512[6432])
Added Component: Designator=R2(1608[0603])
Added Component: Designator=R3(1608[0603])
Added Component: Designator=R4(1608[0603])
Added Component: Designator=R5(1608[0603])
Added Component: Designator=R6(2512[6432])
Added Component: Designator=R7(2512[6432])
Added Component: Designator=R8(1608[0603])
Added Component: Designator=R9(1608[0603])
Added Component: Designator=R10(RES-adj)
Added Component: Designator=R11(1608[0603])
Added Component: Designator=R12(1608[0603])
Added Component: Designator=R13(1608[0603])
Added Component: Designator=R14(1608[0603])
Added Component: Designator=R15(1608[0603])
Added Component: Designator=R16(1608[0603])
Added Component: Designator=R17(1608[0603])
Added Component: Designator=R18(1608[0603])
Added Component: Designator=R19(1608[0603])
Added Component: Designator=R20(1608[0603])
Added Component: Designator=R21(1608[0603])
Added Component: Designator=R22(1608[0603])
Added Component: Designator=R23(1608[0603])
Added Component: Designator=R24(1608[0603])
Added Component: Designator=R25(1608[0603])
Added Component: Designator=R26(1608[0603])
Added Component: Designator=R27(1608[0603])
Added Component: Designator=R28(1608[0603])
Added Component: Designator=R29(1608[0603])
Added Component: Designator=R30(1608[0603])
Added Component: Designator=R31(1608[0603])
Added Component: Designator=R32(1608[0603])
Added Component: Designator=R33(1608[0603])
Added Component: Designator=R34(2012[0805])
Added Component: Designator=R35(1608[0603])
Added Component: Designator=R36(1608[0603])
Added Component: Designator=R37(1608[0603])
Added Component: Designator=R38(1608[0603])
Added Component: Designator=T1(TestPoint)
Added Component: Designator=T2(TestPoint)
Added Component: Designator=T3(TestPoint)
Added Component: Designator=U1(TSOP65P640X120_HS-29N)
Added Component: Designator=U2(TQFP80P900X900X160-32N)
Added Component: Designator=U3(SOIC127P600-8N)
Added Component: Designator=U4(SOT89-150P410X160-3N)
Added Component: Designator=U5(SOT89-150P410X160-3N)
Added Component: Designator=Y1(XTAL_SMT)
Added Pin To Net: NetName=GND Pin=C1-1
Added Pin To Net: NetName=GND Pin=C2-2
Added Pin To Net: NetName=GND Pin=C3-1
Added Pin To Net: NetName=GND Pin=C4-1
Added Pin To Net: NetName=GND Pin=C5-2
Added Pin To Net: NetName=NetC6_1 Pin=C6-1
Added Pin To Net: NetName=NetC6_2 Pin=C6-2
Added Pin To Net: NetName=NetC7_1 Pin=C7-1
Added Pin To Net: NetName=NetC7_2 Pin=C7-2
Added Pin To Net: NetName=GND Pin=C8-1
Added Pin To Net: NetName=VREF Pin=C8-2
Added Pin To Net: NetName=GND Pin=C9-1
Added Pin To Net: NetName=LD+ Pin=C9-2
Added Pin To Net: NetName=GND Pin=C10-1
Added Pin To Net: NetName=LD+ Pin=C10-2
Added Pin To Net: NetName=GND Pin=C11-1
Added Pin To Net: NetName=LD+ Pin=C11-2
Added Pin To Net: NetName=LD+ Pin=C12-1
Added Pin To Net: NetName=GND Pin=C12-2
Added Pin To Net: NetName=LD+ Pin=C13-1
Added Pin To Net: NetName=GND Pin=C13-2
Added Pin To Net: NetName=GND Pin=C14-1
Added Pin To Net: NetName=INVTCC Pin=C14-2
Added Pin To Net: NetName=NetD2_1 Pin=C15-1
Added Pin To Net: NetName=NetR22_2 Pin=C15-2
Added Pin To Net: NetName=GND Pin=C16-1
Added Pin To Net: NetName=IVINMON Pin=C16-2
Added Pin To Net: NetName=GND Pin=C17-1
Added Pin To Net: NetName=ISMON Pin=C17-2
Added Pin To Net: NetName=LD- Pin=C18-1
Added Pin To Net: NetName=LD+ Pin=C18-2
Added Pin To Net: NetName=LD- Pin=C19-1
Added Pin To Net: NetName=LD+ Pin=C19-2
Added Pin To Net: NetName=GND Pin=C20-1
Added Pin To Net: NetName=NetC20_2 Pin=C20-2
Added Pin To Net: NetName=TP2 Pin=C21-1
Added Pin To Net: NetName=INVTCC Pin=C21-2
Added Pin To Net: NetName=GND Pin=C22-1
Added Pin To Net: NetName=VIN_12V Pin=C22-2
Added Pin To Net: NetName=LP- Pin=C23-1
Added Pin To Net: NetName=3V3 Pin=C23-2
Added Pin To Net: NetName=NetC1_2 Pin=C24-1
Added Pin To Net: NetName=LP- Pin=C24-2
Added Pin To Net: NetName=NetC25_1 Pin=C25-1
Added Pin To Net: NetName=LP- Pin=C25-2
Added Pin To Net: NetName=LP- Pin=C26-1
Added Pin To Net: NetName=NetC15_1 Pin=C26-2
Added Pin To Net: NetName=3V3 Pin=C27-1
Added Pin To Net: NetName=LP- Pin=C27-2
Added Pin To Net: NetName=LP- Pin=C28-1
Added Pin To Net: NetName=3V3 Pin=C28-2
Added Pin To Net: NetName=3V3 Pin=C29-1
Added Pin To Net: NetName=NTC1+ Pin=C29-2
Added Pin To Net: NetName=3V3 Pin=C30-1
Added Pin To Net: NetName=LP+ Pin=C30-2
Added Pin To Net: NetName=LP- Pin=C31-1
Added Pin To Net: NetName=LP- Pin=C32-1
Added Pin To Net: NetName=LP- Pin=C33-1
Added Pin To Net: NetName=5V Pin=C33-2
Added Pin To Net: NetName=LP- Pin=C34-1
Added Pin To Net: NetName=5V Pin=C34-2
Added Pin To Net: NetName=LP- Pin=C35-1
Added Pin To Net: NetName=3V3 Pin=C35-2
Added Pin To Net: NetName=LP- Pin=C36-1
Added Pin To Net: NetName=3V3 Pin=C36-2
Added Pin To Net: NetName=INVTCC Pin=D1-1
Added Pin To Net: NetName=NetC7_2 Pin=D1-2
Added Pin To Net: NetName=LD- Pin=D2-1
Added Pin To Net: NetName=LD+ Pin=D2-2
Added Pin To Net: NetName=TP2 Pin=D3-2
Added Pin To Net: NetName=GND Pin=D4-1
Added Pin To Net: NetName=NetD5_1 Pin=D5-1
Added Pin To Net: NetName=STATUS Pin=D5-2
Added Pin To Net: NetName=NetC7_1 Pin=L1-1
Added Pin To Net: NetName=NetL1_2 Pin=L1-2
Added Pin To Net: NetName=3V3 Pin=P1-1
Added Pin To Net: NetName=TP1 Pin=P1-2
Added Pin To Net: NetName=LP+ Pin=P1-3
Added Pin To Net: NetName=LP- Pin=P1-4
Added Pin To Net: NetName=NetC7_1 Pin=Q1-1
Added Pin To Net: NetName=NetC7_1 Pin=Q1-2
Added Pin To Net: NetName=NetC7_1 Pin=Q1-3
Added Pin To Net: NetName=NetQ1_4 Pin=Q1-4
Added Pin To Net: NetName=GND Pin=Q2-1
Added Pin To Net: NetName=GND Pin=Q2-2
Added Pin To Net: NetName=GND Pin=Q2-3
Added Pin To Net: NetName=NetQ2_4 Pin=Q2-4
Added Pin To Net: NetName=NetC7_1 Pin=Q2-5
Added Pin To Net: NetName=GND Pin=Q3-1
Added Pin To Net: NetName=GND Pin=Q3-2
Added Pin To Net: NetName=GND Pin=Q3-3
Added Pin To Net: NetName=NetQ3_4 Pin=Q3-4
Added Pin To Net: NetName=LD- Pin=Q3-5
Added Pin To Net: NetName=EN/UVLO Pin=R2-1
Added Pin To Net: NetName=NetC6_2 Pin=R3-1
Added Pin To Net: NetName=NetC6_1 Pin=R4-1
Added Pin To Net: NetName=GND Pin=R5-1
Added Pin To Net: NetName=EN/UVLO Pin=R5-2
Added Pin To Net: NetName=NetL1_2 Pin=R6-1
Added Pin To Net: NetName=NetR6_2 Pin=R6-2
Added Pin To Net: NetName=LD+ Pin=R7-1
Added Pin To Net: NetName=NetR6_2 Pin=R7-2
Added Pin To Net: NetName=VREF Pin=R8-1
Added Pin To Net: NetName=CTRL1 Pin=R8-2
Added Pin To Net: NetName=GND Pin=R9-1
Added Pin To Net: NetName=LD+ Pin=R9-2
Added Pin To Net: NetName=GND Pin=R10-1
Added Pin To Net: NetName=CTRL1 Pin=R10-2
Added Pin To Net: NetName=NetD2_1 Pin=R11-1
Added Pin To Net: NetName=NetL1_2 Pin=R11-2
Added Pin To Net: NetName=NetR22_2 Pin=R12-1
Added Pin To Net: NetName=LD+ Pin=R12-2
Added Pin To Net: NetName=NetR13_1 Pin=R13-1
Added Pin To Net: NetName=IVINMON Pin=R13-2
Added Pin To Net: NetName=NetR14_1 Pin=R14-1
Added Pin To Net: NetName=ISMON Pin=R14-2
Added Pin To Net: NetName=LD+ Pin=R15-1
Added Pin To Net: NetName=NetR15_2 Pin=R15-2
Added Pin To Net: NetName=PWM Pin=R16-1
Added Pin To Net: NetName=VREF Pin=R16-2
Added Pin To Net: NetName=NetR15_2 Pin=R17-1
Added Pin To Net: NetName=GND Pin=R17-2
Added Pin To Net: NetName=INVTCC Pin=R18-1
Added Pin To Net: NetName=NetR19_1 Pin=R19-1
Added Pin To Net: NetName=GND Pin=R19-2
Added Pin To Net: NetName=NetR20_1 Pin=R20-1
Added Pin To Net: NetName=VIN_12V Pin=R20-2
Added Pin To Net: NetName=TP2 Pin=R21-1
Added Pin To Net: NetName=F\A\U\L\T\ Pin=R21-2
Added Pin To Net: NetName=F\A\U\L\T\ Pin=R22-1
Added Pin To Net: NetName=GND Pin=R22-2
Added Pin To Net: NetName=NetC1_2 Pin=R23-1
Added Pin To Net: NetName=NetR23_2 Pin=R23-2
Added Pin To Net: NetName=NetC25_1 Pin=R24-1
Added Pin To Net: NetName=NetC15_2 Pin=R24-2
Added Pin To Net: NetName=NetC15_1 Pin=R25-1
Added Pin To Net: NetName=3V3 Pin=R25-2
Added Pin To Net: NetName=485B Pin=R26-1
Added Pin To Net: NetName=3V3 Pin=R26-2
Added Pin To Net: NetName=485A Pin=R27-1
Added Pin To Net: NetName=485B Pin=R27-2
Added Pin To Net: NetName=3V3 Pin=R28-1
Added Pin To Net: NetName=NTC1+ Pin=R28-2
Added Pin To Net: NetName=LP- Pin=R29-1
Added Pin To Net: NetName=485A Pin=R29-2
Added Pin To Net: NetName=CTRL1 Pin=R30-1
Added Pin To Net: NetName=NetC18_2 Pin=R30-2
Added Pin To Net: NetName=F\A\U\L\T\ Pin=R31-1
Added Pin To Net: NetName=NetC26_1 Pin=R31-2
Added Pin To Net: NetName=EN/UVLO Pin=R32-1
Added Pin To Net: NetName=NetC27_2 Pin=R32-2
Added Pin To Net: NetName=3V3 Pin=R33-1
Added Pin To Net: NetName=LP+ Pin=R33-2
Added Pin To Net: NetName=LP- Pin=R34-1
Added Pin To Net: NetName=GND Pin=R34-2
Added Pin To Net: NetName=UNDERVOLTAGEPROTECT Pin=R35-1
Added Pin To Net: NetName=GND Pin=R36-1
Added Pin To Net: NetName=UNDERVOLTAGEPROTECT Pin=R36-2
Added Pin To Net: NetName=NetD5_1 Pin=R37-1
Added Pin To Net: NetName=3V3 Pin=R37-2
Added Pin To Net: NetName=STATUS Pin=R38-1
Added Pin To Net: NetName=LP- Pin=R38-2
Added Pin To Net: NetName=LD+ Pin=T1-1
Added Pin To Net: NetName=LD- Pin=T2-1
Added Pin To Net: NetName=NetQ2_4 Pin=U1-1
Added Pin To Net: NetName=INVTCC Pin=U1-2
Added Pin To Net: NetName=EN/UVLO Pin=U1-4
Added Pin To Net: NetName=VREF Pin=U1-5
Added Pin To Net: NetName=NetC6_1 Pin=U1-6
Added Pin To Net: NetName=NetC6_2 Pin=U1-7
Added Pin To Net: NetName=NetR13_1 Pin=U1-8
Added Pin To Net: NetName=F\A\U\L\T\ Pin=U1-9
Added Pin To Net: NetName=VREF Pin=U1-10
Added Pin To Net: NetName=NetR15_2 Pin=U1-11
Added Pin To Net: NetName=GND Pin=U1-12
Added Pin To Net: NetName=VREF Pin=U1-13
Added Pin To Net: NetName=CTRL1 Pin=U1-14
Added Pin To Net: NetName=NetC20_2 Pin=U1-15
Added Pin To Net: NetName=NetR22_2 Pin=U1-16
Added Pin To Net: NetName=NetD2_1 Pin=U1-17
Added Pin To Net: NetName=NetR20_1 Pin=U1-18
Added Pin To Net: NetName=NetR14_1 Pin=U1-19
Added Pin To Net: NetName=NetR19_1 Pin=U1-20
Added Pin To Net: NetName=GND Pin=U1-21
Added Pin To Net: NetName=PWM Pin=U1-22
Added Pin To Net: NetName=GND Pin=U1-23
Added Pin To Net: NetName=NetQ3_4 Pin=U1-24
Added Pin To Net: NetName=NetQ1_4 Pin=U1-25
Added Pin To Net: NetName=NetC7_1 Pin=U1-26
Added Pin To Net: NetName=NetC7_2 Pin=U1-27
Added Pin To Net: NetName=GND Pin=U1-28
Added Pin To Net: NetName=GND Pin=U1-29
Added Pin To Net: NetName=3V3 Pin=U2-1
Added Pin To Net: NetName=NetR23_2 Pin=U2-2
Added Pin To Net: NetName=NetC15_2 Pin=U2-3
Added Pin To Net: NetName=NetC15_1 Pin=U2-4
Added Pin To Net: NetName=3V3 Pin=U2-5
Added Pin To Net: NetName=LP+ Pin=U2-6
Added Pin To Net: NetName=UNDERVOLTAGEPROTECT Pin=U2-7
Added Pin To Net: NetName=NTC1+ Pin=U2-8
Added Pin To Net: NetName=NetC18_2 Pin=U2-10
Added Pin To Net: NetName=PWM Pin=U2-11
Added Pin To Net: NetName=NetC26_1 Pin=U2-12
Added Pin To Net: NetName=ISMON Pin=U2-13
Added Pin To Net: NetName=NetC27_2 Pin=U2-14
Added Pin To Net: NetName=IVINMON Pin=U2-15
Added Pin To Net: NetName=LP- Pin=U2-16
Added Pin To Net: NetName=3V3 Pin=U2-17
Added Pin To Net: NetName=485DIR Pin=U2-18
Added Pin To Net: NetName=TXD Pin=U2-19
Added Pin To Net: NetName=RXD Pin=U2-20
Added Pin To Net: NetName=SWDIO Pin=U2-23
Added Pin To Net: NetName=SWCLK Pin=U2-24
Added Pin To Net: NetName=TP1 Pin=U2-26
Added Pin To Net: NetName=TEC Pin=U2-30
Added Pin To Net: NetName=LP- Pin=U2-31
Added Pin To Net: NetName=LP- Pin=U2-32
Added Pin To Net: NetName=RXD Pin=U3-1
Added Pin To Net: NetName=485DIR Pin=U3-2
Added Pin To Net: NetName=485DIR Pin=U3-3
Added Pin To Net: NetName=TXD Pin=U3-4
Added Pin To Net: NetName=LP- Pin=U3-5
Added Pin To Net: NetName=485A Pin=U3-6
Added Pin To Net: NetName=485B Pin=U3-7
Added Pin To Net: NetName=3V3 Pin=U3-8
Added Pin To Net: NetName=5V Pin=U4-1
Added Pin To Net: NetName=LP- Pin=U4-2
Added Pin To Net: NetName=LP- Pin=U5-1
Added Pin To Net: NetName=3V3 Pin=U5-2
Added Pin To Net: NetName=5V Pin=U5-3
Added Pin To Net: NetName=NetC25_1 Pin=Y1-1
Added Pin To Net: NetName=NetC1_2 Pin=Y1-2
Change Net Name : Old Net Name=NetC1_2 New Net Name=NetC24_1
Change Net Name : Old Net Name=NetC15_1 New Net Name=NetC26_2
Change Net Name : Old Net Name=NetC15_2 New Net Name=NetR24_2
Change Net Name : Old Net Name=NetC18_2 New Net Name=NetR30_2
Change Net Name : Old Net Name=NetC26_1 New Net Name=NetR31_2
Change Net Name : Old Net Name=NetC27_2 New Net Name=NetR32_2
Change Net Name : Old Net Name=NetD2_1 New Net Name=SENSE_P
Change Net Name : Old Net Name=NetR22_2 New Net Name=SENSE_N
Change Net Name : Old Net Name=TP2 New Net Name=NetC21_1
Change Net Name : Old Net Name=VIN_12V New Net Name=NetC22_2
Added Pin To Net: NetName=IN_N Pin=C4-2
Added Pin To Net: NetName=IN_N Pin=C5-1
Added Pin To Net: NetName=IN_N Pin=Q1-5
Added Pin To Net: NetName=IN_N Pin=R1-2
Added Pin To Net: NetName=IN_N Pin=R4-2
Added Pin To Net: NetName=IN_N Pin=U1-3
Added Net: Name=IN_N
Added Pin To Net: NetName=IN_P Pin=C1-2
Added Pin To Net: NetName=IN_P Pin=C2-1
Added Pin To Net: NetName=IN_P Pin=C3-2
Added Pin To Net: NetName=IN_P Pin=C31-2
Added Pin To Net: NetName=IN_P Pin=C32-2
Added Pin To Net: NetName=IN_P Pin=D4-2
Added Pin To Net: NetName=IN_P Pin=P2-2
Added Pin To Net: NetName=IN_P Pin=R1-1
Added Pin To Net: NetName=IN_P Pin=R2-2
Added Pin To Net: NetName=IN_P Pin=R3-2
Added Pin To Net: NetName=IN_P Pin=R35-2
Added Pin To Net: NetName=IN_P Pin=T3-1
Added Pin To Net: NetName=IN_P Pin=U4-3
Added Net: Name=IN_P
Added Pin To Net: NetName=NetD3_1 Pin=D3-1
Added Pin To Net: NetName=NetD3_1 Pin=R18-2
Added Net: Name=NetD3_1
Added Differential Pair: Name=IN
Added Differential Pair: Name=SENSE
Added Member To Class: ClassName=3763 Member=Component C1 22uF/50V
Added Member To Class: ClassName=3763 Member=Component C2 100uF/50V
Added Member To Class: ClassName=3763 Member=Component C3 47uF/50V
Added Member To Class: ClassName=3763 Member=Component C4 47uF/50V
Added Member To Class: ClassName=3763 Member=Component C5 4.7uF/50V
Added Member To Class: ClassName=3763 Member=Component C6 1uF
Added Member To Class: ClassName=3763 Member=Component C7 220nF
Added Member To Class: ClassName=3763 Member=Component C8 2.2uF
Added Member To Class: ClassName=3763 Member=Component C9 22uF/50V
Added Member To Class: ClassName=3763 Member=Component C10 47uF/50V
Added Member To Class: ClassName=3763 Member=Component C11 47uF/50V
Added Member To Class: ClassName=3763 Member=Component C12 100uF/50V
Added Member To Class: ClassName=3763 Member=Component C13 100uF/50V
Added Member To Class: ClassName=3763 Member=Component C14 4.7uF
Added Member To Class: ClassName=3763 Member=Component C15 33nF
Added Member To Class: ClassName=3763 Member=Component C16 1nF
Added Member To Class: ClassName=3763 Member=Component C17 1nF
Added Member To Class: ClassName=3763 Member=Component C18 2.2uF/50V
Added Member To Class: ClassName=3763 Member=Component C19 100pF/50V
Added Member To Class: ClassName=3763 Member=Component C20 50nF
Added Member To Class: ClassName=3763 Member=Component C21 100nF
Added Member To Class: ClassName=3763 Member=Component C22 4.7nF
Added Member To Class: ClassName=MCU Member=Component C23 100nF
Added Member To Class: ClassName=MCU Member=Component C24 20pF
Added Member To Class: ClassName=MCU Member=Component C25 20pF
Added Member To Class: ClassName=MCU Member=Component C26 100nF
Added Member To Class: ClassName=MCU Member=Component C27 100nF
Added Member To Class: ClassName=MCU Member=Component C28 100nF
Added Member To Class: ClassName=MCU Member=Component C29 100nF
Added Member To Class: ClassName=MCU Member=Component C30 100nF
Added Member To Class: ClassName=PWR Member=Component C31 22uF
Added Member To Class: ClassName=PWR Member=Component C32 22uF
Added Member To Class: ClassName=PWR Member=Component C33 10uF
Added Member To Class: ClassName=PWR Member=Component C34 100nF
Added Member To Class: ClassName=PWR Member=Component C35 22uF
Added Member To Class: ClassName=PWR Member=Component C36 10uF
Added Member To Class: ClassName=3763 Member=Component D1 Diode 1N5819
Added Member To Class: ClassName=3763 Member=Component D2 SMAJ5CA
Added Member To Class: ClassName=3763 Member=Component D3 LED
Added Member To Class: ClassName=PWR Member=Component D4 SMAJ11CA
Added Member To Class: ClassName=PWR Member=Component D5 LED_RED
Added Member To Class: ClassName=3763 Member=Component L1 Inductor,2.7uH
Added Member To Class: ClassName=MCU Member=Component P1 Header 4
Added Member To Class: ClassName=3763 Member=Component Q1 RJK0305
Added Member To Class: ClassName=3763 Member=Component Q2 RJK0301
Added Member To Class: ClassName=3763 Member=Component Q3 RJK0305
Added Member To Class: ClassName=3763 Member=Component R1 0.002
Added Member To Class: ClassName=3763 Member=Component R2 NoP_10K
Added Member To Class: ClassName=3763 Member=Component R3 1K
Added Member To Class: ClassName=3763 Member=Component R4 1K
Added Member To Class: ClassName=3763 Member=Component R5 2K
Added Member To Class: ClassName=3763 Member=Component R6 0.008
Added Member To Class: ClassName=3763 Member=Component R7 0.008
Added Member To Class: ClassName=3763 Member=Component R8 NoP_6K
Added Member To Class: ClassName=3763 Member=Component R9 2M
Added Member To Class: ClassName=3763 Member=Component R10 20K
Added Member To Class: ClassName=3763 Member=Component R11 10
Added Member To Class: ClassName=3763 Member=Component R12 10
Added Member To Class: ClassName=3763 Member=Component R13 50
Added Member To Class: ClassName=3763 Member=Component R14 50
Added Member To Class: ClassName=3763 Member=Component R15 31.5K
Added Member To Class: ClassName=3763 Member=Component R16 50
Added Member To Class: ClassName=3763 Member=Component R17 10K
Added Member To Class: ClassName=3763 Member=Component R18 10K
Added Member To Class: ClassName=3763 Member=Component R19 82.5K
Added Member To Class: ClassName=3763 Member=Component R20 47.5K
Added Member To Class: ClassName=3763 Member=Component R21 500K
Added Member To Class: ClassName=3763 Member=Component R22 500K
Added Member To Class: ClassName=MCU Member=Component R23 0
Added Member To Class: ClassName=MCU Member=Component R24 390
Added Member To Class: ClassName=MCU Member=Component R25 10K
Added Member To Class: ClassName=MCU Member=Component R26 3.3K
Added Member To Class: ClassName=MCU Member=Component R27 120
Added Member To Class: ClassName=MCU Member=Component R28 3.3K
Added Member To Class: ClassName=MCU Member=Component R29 3.3K
Added Member To Class: ClassName=MCU Member=Component R30 1K
Added Member To Class: ClassName=MCU Member=Component R31 1K
Added Member To Class: ClassName=MCU Member=Component R32 1K
Added Member To Class: ClassName=MCU Member=Component R33 3.3K
Added Member To Class: ClassName=PWR Member=Component R34 0
Added Member To Class: ClassName=PWR Member=Component R35 20K
Added Member To Class: ClassName=PWR Member=Component R36 2K
Added Member To Class: ClassName=PWR Member=Component R37 10K
Added Member To Class: ClassName=PWR Member=Component R38 10K
Added Member To Class: ClassName=3763 Member=Component T1 Test Point
Added Member To Class: ClassName=3763 Member=Component T2 Test Point
Added Member To Class: ClassName=PWR Member=Component T3 Test Point
Added Member To Class: ClassName=3763 Member=Component U1 LT3763
Added Member To Class: ClassName=MCU Member=Component U2 STM32F051K8T6
Added Member To Class: ClassName=MCU Member=Component U3 SP3485EN
Added Member To Class: ClassName=PWR Member=Component U4 L78L05
Added Member To Class: ClassName=PWR Member=Component U5 AMS1117-3.3V
Added Member To Class: ClassName=MCU Member=Component Y1 XTAL
